<?xml version="1.0" encoding="UTF-8" standalone="yes"?><!DOCTYPE report PUBLIC "-//JACOCO//DTD Report 1.1//EN" "report.dtd"><report name="prattle"><sessioninfo id="DESKTOP-7EFRR8P-b8543f4" start="1544372576141" dump="1544372606009"/><package name="edu/northeastern/ccs/im/models"><class name="edu/northeastern/ccs/im/models/User" sourcefilename="User.java"><method name="&lt;init&gt;" desc="(Ljava/lang/String;Ljava/lang/String;)V" line="44"><counter type="INSTRUCTION" missed="0" covered="27"/><counter type="LINE" missed="0" covered="10"/><counter type="COMPLEXITY" missed="0" covered="1"/><counter type="METHOD" missed="0" covered="1"/></method><method name="&lt;init&gt;" desc="(ILjava/lang/String;Ljava/lang/String;)V" line="56"><counter type="INSTRUCTION" missed="0" covered="30"/><counter type="LINE" missed="0" covered="11"/><counter type="COMPLEXITY" missed="0" covered="1"/><counter type="METHOD" missed="0" covered="1"/></method><method name="&lt;init&gt;" desc="()V" line="69"><counter type="INSTRUCTION" missed="0" covered="30"/><counter type="LINE" missed="0" covered="11"/><counter type="COMPLEXITY" missed="0" covered="1"/><counter type="METHOD" missed="0" covered="1"/></method><method name="&lt;init&gt;" desc="(ILjava/lang/String;Ljava/lang/String;Ljava/lang/String;Ljava/lang/String;)V" line="81"><counter type="INSTRUCTION" missed="0" covered="30"/><counter type="LINE" missed="0" covered="11"/><counter type="COMPLEXITY" missed="0" covered="1"/><counter type="METHOD" missed="0" covered="1"/></method><method name="&lt;init&gt;" desc="(Ljava/lang/String;Ljava/lang/String;Ljava/lang/String;Ljava/lang/String;)V" line="93"><counter type="INSTRUCTION" missed="0" covered="27"/><counter type="LINE" missed="0" covered="10"/><counter type="COMPLEXITY" missed="0" covered="1"/><counter type="METHOD" missed="0" covered="1"/></method><method name="getFirstName" desc="()Ljava/lang/String;" line="105"><counter type="INSTRUCTION" missed="0" covered="3"/><counter type="LINE" missed="0" covered="1"/><counter type="COMPLEXITY" missed="0" covered="1"/><counter type="METHOD" missed="0" covered="1"/></method><method name="setFirstName" desc="(Ljava/lang/String;)V" line="109"><counter type="INSTRUCTION" missed="0" covered="4"/><counter type="LINE" missed="0" covered="2"/><counter type="COMPLEXITY" missed="0" covered="1"/><counter type="METHOD" missed="0" covered="1"/></method><method name="getLastName" desc="()Ljava/lang/String;" line="113"><counter type="INSTRUCTION" missed="0" covered="3"/><counter type="LINE" missed="0" covered="1"/><counter type="COMPLEXITY" missed="0" covered="1"/><counter type="METHOD" missed="0" covered="1"/></method><method name="setLastName" desc="(Ljava/lang/String;)V" line="117"><counter type="INSTRUCTION" missed="0" covered="4"/><counter type="LINE" missed="0" covered="2"/><counter type="COMPLEXITY" missed="0" covered="1"/><counter type="METHOD" missed="0" covered="1"/></method><method name="getUsername" desc="()Ljava/lang/String;" line="121"><counter type="INSTRUCTION" missed="0" covered="3"/><counter type="LINE" missed="0" covered="1"/><counter type="COMPLEXITY" missed="0" covered="1"/><counter type="METHOD" missed="0" covered="1"/></method><method name="setUsername" desc="(Ljava/lang/String;)V" line="125"><counter type="INSTRUCTION" missed="0" covered="4"/><counter type="LINE" missed="0" covered="2"/><counter type="COMPLEXITY" missed="0" covered="1"/><counter type="METHOD" missed="0" covered="1"/></method><method name="getPassword" desc="()Ljava/lang/String;" line="129"><counter type="INSTRUCTION" missed="0" covered="3"/><counter type="LINE" missed="0" covered="1"/><counter type="COMPLEXITY" missed="0" covered="1"/><counter type="METHOD" missed="0" covered="1"/></method><method name="setPassword" desc="(Ljava/lang/String;)V" line="134"><counter type="INSTRUCTION" missed="4" covered="6"/><counter type="LINE" missed="2" covered="3"/><counter type="COMPLEXITY" missed="0" covered="1"/><counter type="METHOD" missed="0" covered="1"/></method><method name="toString" desc="()Ljava/lang/String;" line="142"><counter type="INSTRUCTION" missed="0" covered="22"/><counter type="LINE" missed="0" covered="1"/><counter type="COMPLEXITY" missed="0" covered="1"/><counter type="METHOD" missed="0" covered="1"/></method><method name="getUserId" desc="()I" line="146"><counter type="INSTRUCTION" missed="0" covered="3"/><counter type="LINE" missed="0" covered="1"/><counter type="COMPLEXITY" missed="0" covered="1"/><counter type="METHOD" missed="0" covered="1"/></method><method name="setUserId" desc="(I)V" line="150"><counter type="INSTRUCTION" missed="0" covered="4"/><counter type="LINE" missed="0" covered="2"/><counter type="COMPLEXITY" missed="0" covered="1"/><counter type="METHOD" missed="0" covered="1"/></method><method name="isParentalControl" desc="()Z" line="154"><counter type="INSTRUCTION" missed="0" covered="3"/><counter type="LINE" missed="0" covered="1"/><counter type="COMPLEXITY" missed="0" covered="1"/><counter type="METHOD" missed="0" covered="1"/></method><method name="setParentalControl" desc="(Z)V" line="158"><counter type="INSTRUCTION" missed="0" covered="4"/><counter type="LINE" missed="0" covered="2"/><counter type="COMPLEXITY" missed="0" covered="1"/><counter type="METHOD" missed="0" covered="1"/></method><method name="getParentalControl" desc="()Z" line="162"><counter type="INSTRUCTION" missed="0" covered="3"/><counter type="LINE" missed="0" covered="1"/><counter type="COMPLEXITY" missed="0" covered="1"/><counter type="METHOD" missed="0" covered="1"/></method><method name="tapUser" desc="()V" line="170"><counter type="INSTRUCTION" missed="0" covered="4"/><counter type="LINE" missed="0" covered="2"/><counter type="COMPLEXITY" missed="0" covered="1"/><counter type="METHOD" missed="0" covered="1"/></method><method name="setAsWiretapper" desc="()Z" line="178"><counter type="INSTRUCTION" missed="0" covered="10"/><counter type="BRANCH" missed="0" covered="2"/><counter type="LINE" missed="0" covered="4"/><counter type="COMPLEXITY" missed="0" covered="2"/><counter type="METHOD" missed="0" covered="1"/></method><method name="isUserTapped" desc="()Z" line="195"><counter type="INSTRUCTION" missed="0" covered="3"/><counter type="LINE" missed="0" covered="1"/><counter type="COMPLEXITY" missed="0" covered="1"/><counter type="METHOD" missed="0" covered="1"/></method><method name="isWireTapper" desc="()Z" line="205"><counter type="INSTRUCTION" missed="0" covered="3"/><counter type="LINE" missed="0" covered="1"/><counter type="COMPLEXITY" missed="0" covered="1"/><counter type="METHOD" missed="0" covered="1"/></method><method name="setWiretapper" desc="(Z)V" line="209"><counter type="INSTRUCTION" missed="0" covered="4"/><counter type="LINE" missed="0" covered="2"/><counter type="COMPLEXITY" missed="0" covered="1"/><counter type="METHOD" missed="0" covered="1"/></method><method name="setWiretappee" desc="(Z)V" line="213"><counter type="INSTRUCTION" missed="0" covered="4"/><counter type="LINE" missed="0" covered="2"/><counter type="COMPLEXITY" missed="0" covered="1"/><counter type="METHOD" missed="0" covered="1"/></method><method name="getProfaneWords" desc="()Ljava/lang/String;" line="217"><counter type="INSTRUCTION" missed="0" covered="3"/><counter type="LINE" missed="0" covered="1"/><counter type="COMPLEXITY" missed="0" covered="1"/><counter type="METHOD" missed="0" covered="1"/></method><method name="setProfaneWords" desc="(Ljava/lang/String;)V" line="221"><counter type="INSTRUCTION" missed="0" covered="4"/><counter type="LINE" missed="0" covered="2"/><counter type="COMPLEXITY" missed="0" covered="1"/><counter type="METHOD" missed="0" covered="1"/></method><method name="appendWordsTOProfane" desc="(Ljava/lang/String;)V" line="225"><counter type="INSTRUCTION" missed="0" covered="21"/><counter type="BRANCH" missed="0" covered="2"/><counter type="LINE" missed="0" covered="4"/><counter type="COMPLEXITY" missed="0" covered="2"/><counter type="METHOD" missed="0" covered="1"/></method><method name="removeWordFromFilteredList" desc="(Ljava/lang/String;)V" line="234"><counter type="INSTRUCTION" missed="0" covered="8"/><counter type="LINE" missed="0" covered="2"/><counter type="COMPLEXITY" missed="0" covered="1"/><counter type="METHOD" missed="0" covered="1"/></method><method name="getTappedBy" desc="()Ljava/lang/String;" line="238"><counter type="INSTRUCTION" missed="0" covered="3"/><counter type="LINE" missed="0" covered="1"/><counter type="COMPLEXITY" missed="0" covered="1"/><counter type="METHOD" missed="0" covered="1"/></method><method name="setTappedBy" desc="(Ljava/lang/String;)V" line="242"><counter type="INSTRUCTION" missed="0" covered="4"/><counter type="LINE" missed="0" covered="2"/><counter type="COMPLEXITY" missed="0" covered="1"/><counter type="METHOD" missed="0" covered="1"/></method><method name="&lt;clinit&gt;" desc="()V" line="41"><counter type="INSTRUCTION" missed="0" covered="4"/><counter type="LINE" missed="0" covered="1"/><counter type="COMPLEXITY" missed="0" covered="1"/><counter type="METHOD" missed="0" covered="1"/></method><counter type="INSTRUCTION" missed="4" covered="288"/><counter type="BRANCH" missed="0" covered="4"/><counter type="LINE" missed="2" covered="99"/><counter type="COMPLEXITY" missed="0" covered="34"/><counter type="METHOD" missed="0" covered="32"/><counter type="CLASS" missed="0" covered="1"/></class><class name="edu/northeastern/ccs/im/models/Group" sourcefilename="Group.java"><method name="&lt;init&gt;" desc="(Ljava/lang/String;)V" line="16"><counter type="INSTRUCTION" missed="0" covered="6"/><counter type="LINE" missed="0" covered="3"/><counter type="COMPLEXITY" missed="0" covered="1"/><counter type="METHOD" missed="0" covered="1"/></method><method name="&lt;init&gt;" desc="(ILjava/lang/String;)V" line="21"><counter type="INSTRUCTION" missed="0" covered="9"/><counter type="LINE" missed="0" covered="4"/><counter type="COMPLEXITY" missed="0" covered="1"/><counter type="METHOD" missed="0" covered="1"/></method><method name="getId" desc="()I" line="27"><counter type="INSTRUCTION" missed="0" covered="3"/><counter type="LINE" missed="0" covered="1"/><counter type="COMPLEXITY" missed="0" covered="1"/><counter type="METHOD" missed="0" covered="1"/></method><method name="setId" desc="(I)V" line="31"><counter type="INSTRUCTION" missed="0" covered="4"/><counter type="LINE" missed="0" covered="2"/><counter type="COMPLEXITY" missed="0" covered="1"/><counter type="METHOD" missed="0" covered="1"/></method><method name="getGroupName" desc="()Ljava/lang/String;" line="35"><counter type="INSTRUCTION" missed="0" covered="3"/><counter type="LINE" missed="0" covered="1"/><counter type="COMPLEXITY" missed="0" covered="1"/><counter type="METHOD" missed="0" covered="1"/></method><method name="setGroupName" desc="(Ljava/lang/String;)V" line="39"><counter type="INSTRUCTION" missed="0" covered="4"/><counter type="LINE" missed="0" covered="2"/><counter type="COMPLEXITY" missed="0" covered="1"/><counter type="METHOD" missed="0" covered="1"/></method><method name="toString" desc="()Ljava/lang/String;" line="44"><counter type="INSTRUCTION" missed="0" covered="12"/><counter type="LINE" missed="0" covered="1"/><counter type="COMPLEXITY" missed="0" covered="1"/><counter type="METHOD" missed="0" covered="1"/></method><counter type="INSTRUCTION" missed="0" covered="41"/><counter type="LINE" missed="0" covered="14"/><counter type="COMPLEXITY" missed="0" covered="7"/><counter type="METHOD" missed="0" covered="7"/><counter type="CLASS" missed="0" covered="1"/></class><class name="edu/northeastern/ccs/im/models/MessageModel" sourcefilename="MessageModel.java"><method name="&lt;init&gt;" desc="(Ljava/lang/String;ILjava/lang/String;ILjava/lang/String;Ljava/sql/Timestamp;)V" line="19"><counter type="INSTRUCTION" missed="0" covered="24"/><counter type="LINE" missed="0" covered="9"/><counter type="COMPLEXITY" missed="0" covered="1"/><counter type="METHOD" missed="0" covered="1"/></method><method name="&lt;init&gt;" desc="(ILjava/lang/String;ILjava/lang/String;ILjava/lang/String;Ljava/sql/Timestamp;ZZ)V" line="31"><counter type="INSTRUCTION" missed="0" covered="33"/><counter type="LINE" missed="0" covered="12"/><counter type="COMPLEXITY" missed="0" covered="1"/><counter type="METHOD" missed="0" covered="1"/></method><method name="&lt;init&gt;" desc="(Ljava/lang/String;ILjava/lang/String;ILjava/lang/String;Ljava/sql/Timestamp;ZZ)V" line="46"><counter type="INSTRUCTION" missed="0" covered="30"/><counter type="LINE" missed="0" covered="11"/><counter type="COMPLEXITY" missed="0" covered="1"/><counter type="METHOD" missed="0" covered="1"/></method><method name="&lt;init&gt;" desc="(Ljava/lang/String;ILjava/lang/String;ILjava/sql/Timestamp;ZZ)V" line="60"><counter type="INSTRUCTION" missed="0" covered="27"/><counter type="LINE" missed="0" covered="10"/><counter type="COMPLEXITY" missed="0" covered="1"/><counter type="METHOD" missed="0" covered="1"/></method><method name="getId" desc="()I" line="72"><counter type="INSTRUCTION" missed="0" covered="3"/><counter type="LINE" missed="0" covered="1"/><counter type="COMPLEXITY" missed="0" covered="1"/><counter type="METHOD" missed="0" covered="1"/></method><method name="setId" desc="(I)V" line="76"><counter type="INSTRUCTION" missed="0" covered="4"/><counter type="LINE" missed="0" covered="2"/><counter type="COMPLEXITY" missed="0" covered="1"/><counter type="METHOD" missed="0" covered="1"/></method><method name="getText" desc="()Ljava/lang/String;" line="80"><counter type="INSTRUCTION" missed="0" covered="3"/><counter type="LINE" missed="0" covered="1"/><counter type="COMPLEXITY" missed="0" covered="1"/><counter type="METHOD" missed="0" covered="1"/></method><method name="setText" desc="(Ljava/lang/String;)V" line="84"><counter type="INSTRUCTION" missed="0" covered="4"/><counter type="LINE" missed="0" covered="2"/><counter type="COMPLEXITY" missed="0" covered="1"/><counter type="METHOD" missed="0" covered="1"/></method><method name="getSenderId" desc="()I" line="88"><counter type="INSTRUCTION" missed="0" covered="3"/><counter type="LINE" missed="0" covered="1"/><counter type="COMPLEXITY" missed="0" covered="1"/><counter type="METHOD" missed="0" covered="1"/></method><method name="setSenderId" desc="(I)V" line="92"><counter type="INSTRUCTION" missed="0" covered="4"/><counter type="LINE" missed="0" covered="2"/><counter type="COMPLEXITY" missed="0" covered="1"/><counter type="METHOD" missed="0" covered="1"/></method><method name="getSenderIp" desc="()Ljava/lang/String;" line="96"><counter type="INSTRUCTION" missed="0" covered="3"/><counter type="LINE" missed="0" covered="1"/><counter type="COMPLEXITY" missed="0" covered="1"/><counter type="METHOD" missed="0" covered="1"/></method><method name="setSenderIp" desc="(Ljava/lang/String;)V" line="100"><counter type="INSTRUCTION" missed="0" covered="4"/><counter type="LINE" missed="0" covered="2"/><counter type="COMPLEXITY" missed="0" covered="1"/><counter type="METHOD" missed="0" covered="1"/></method><method name="getReceiverId" desc="()I" line="104"><counter type="INSTRUCTION" missed="0" covered="3"/><counter type="LINE" missed="0" covered="1"/><counter type="COMPLEXITY" missed="0" covered="1"/><counter type="METHOD" missed="0" covered="1"/></method><method name="setReceiverId" desc="(I)V" line="108"><counter type="INSTRUCTION" missed="0" covered="4"/><counter type="LINE" missed="0" covered="2"/><counter type="COMPLEXITY" missed="0" covered="1"/><counter type="METHOD" missed="0" covered="1"/></method><method name="getReceiverIp" desc="()Ljava/lang/String;" line="112"><counter type="INSTRUCTION" missed="0" covered="3"/><counter type="LINE" missed="0" covered="1"/><counter type="COMPLEXITY" missed="0" covered="1"/><counter type="METHOD" missed="0" covered="1"/></method><method name="setReceiverIp" desc="(Ljava/lang/String;)V" line="116"><counter type="INSTRUCTION" missed="0" covered="4"/><counter type="LINE" missed="0" covered="2"/><counter type="COMPLEXITY" missed="0" covered="1"/><counter type="METHOD" missed="0" covered="1"/></method><method name="getDate" desc="()Ljava/sql/Timestamp;" line="120"><counter type="INSTRUCTION" missed="0" covered="3"/><counter type="LINE" missed="0" covered="1"/><counter type="COMPLEXITY" missed="0" covered="1"/><counter type="METHOD" missed="0" covered="1"/></method><method name="setDate" desc="(Ljava/sql/Timestamp;)V" line="124"><counter type="INSTRUCTION" missed="0" covered="4"/><counter type="LINE" missed="0" covered="2"/><counter type="COMPLEXITY" missed="0" covered="1"/><counter type="METHOD" missed="0" covered="1"/></method><method name="isDeliveredStatus" desc="()Z" line="128"><counter type="INSTRUCTION" missed="0" covered="3"/><counter type="LINE" missed="0" covered="1"/><counter type="COMPLEXITY" missed="0" covered="1"/><counter type="METHOD" missed="0" covered="1"/></method><method name="setDeliveredStatus" desc="(Z)V" line="132"><counter type="INSTRUCTION" missed="0" covered="4"/><counter type="LINE" missed="0" covered="2"/><counter type="COMPLEXITY" missed="0" covered="1"/><counter type="METHOD" missed="0" covered="1"/></method><method name="isRecallStatus" desc="()Z" line="136"><counter type="INSTRUCTION" missed="0" covered="3"/><counter type="LINE" missed="0" covered="1"/><counter type="COMPLEXITY" missed="0" covered="1"/><counter type="METHOD" missed="0" covered="1"/></method><method name="setRecallStatus" desc="(Z)V" line="140"><counter type="INSTRUCTION" missed="0" covered="4"/><counter type="LINE" missed="0" covered="2"/><counter type="COMPLEXITY" missed="0" covered="1"/><counter type="METHOD" missed="0" covered="1"/></method><method name="isProfane" desc="()Z" line="144"><counter type="INSTRUCTION" missed="0" covered="3"/><counter type="LINE" missed="0" covered="1"/><counter type="COMPLEXITY" missed="0" covered="1"/><counter type="METHOD" missed="0" covered="1"/></method><method name="setProfane" desc="(Z)V" line="148"><counter type="INSTRUCTION" missed="0" covered="4"/><counter type="LINE" missed="0" covered="2"/><counter type="COMPLEXITY" missed="0" covered="1"/><counter type="METHOD" missed="0" covered="1"/></method><counter type="INSTRUCTION" missed="0" covered="184"/><counter type="LINE" missed="0" covered="72"/><counter type="COMPLEXITY" missed="0" covered="24"/><counter type="METHOD" missed="0" covered="24"/><counter type="CLASS" missed="0" covered="1"/></class><class name="edu/northeastern/ccs/im/models/Membership" sourcefilename="Membership.java"><method name="&lt;init&gt;" desc="(II)V" line="10"><counter type="INSTRUCTION" missed="0" covered="9"/><counter type="LINE" missed="0" covered="4"/><counter type="COMPLEXITY" missed="0" covered="1"/><counter type="METHOD" missed="0" covered="1"/></method><method name="&lt;init&gt;" desc="(IIZ)V" line="15"><counter type="INSTRUCTION" missed="0" covered="12"/><counter type="LINE" missed="0" covered="5"/><counter type="COMPLEXITY" missed="0" covered="1"/><counter type="METHOD" missed="0" covered="1"/></method><method name="getId" desc="()I" line="22"><counter type="INSTRUCTION" missed="0" covered="3"/><counter type="LINE" missed="0" covered="1"/><counter type="COMPLEXITY" missed="0" covered="1"/><counter type="METHOD" missed="0" covered="1"/></method><method name="setId" desc="(I)V" line="25"><counter type="INSTRUCTION" missed="0" covered="4"/><counter type="LINE" missed="0" covered="2"/><counter type="COMPLEXITY" missed="0" covered="1"/><counter type="METHOD" missed="0" covered="1"/></method><method name="getGroupId" desc="()I" line="28"><counter type="INSTRUCTION" missed="0" covered="3"/><counter type="LINE" missed="0" covered="1"/><counter type="COMPLEXITY" missed="0" covered="1"/><counter type="METHOD" missed="0" covered="1"/></method><method name="setGroupId" desc="(I)V" line="31"><counter type="INSTRUCTION" missed="0" covered="4"/><counter type="LINE" missed="0" covered="2"/><counter type="COMPLEXITY" missed="0" covered="1"/><counter type="METHOD" missed="0" covered="1"/></method><method name="getUserId" desc="()I" line="34"><counter type="INSTRUCTION" missed="0" covered="3"/><counter type="LINE" missed="0" covered="1"/><counter type="COMPLEXITY" missed="0" covered="1"/><counter type="METHOD" missed="0" covered="1"/></method><method name="setUserId" desc="(I)V" line="37"><counter type="INSTRUCTION" missed="0" covered="4"/><counter type="LINE" missed="0" covered="2"/><counter type="COMPLEXITY" missed="0" covered="1"/><counter type="METHOD" missed="0" covered="1"/></method><method name="isAdmin" desc="()Z" line="40"><counter type="INSTRUCTION" missed="0" covered="3"/><counter type="LINE" missed="0" covered="1"/><counter type="COMPLEXITY" missed="0" covered="1"/><counter type="METHOD" missed="0" covered="1"/></method><method name="setAdmin" desc="(Z)V" line="43"><counter type="INSTRUCTION" missed="0" covered="4"/><counter type="LINE" missed="0" covered="2"/><counter type="COMPLEXITY" missed="0" covered="1"/><counter type="METHOD" missed="0" covered="1"/></method><counter type="INSTRUCTION" missed="0" covered="49"/><counter type="LINE" missed="0" covered="21"/><counter type="COMPLEXITY" missed="0" covered="10"/><counter type="METHOD" missed="0" covered="10"/><counter type="CLASS" missed="0" covered="1"/></class><sourcefile name="Group.java"><line nr="16" mi="0" ci="2" mb="0" cb="0"/><line nr="17" mi="0" ci="3" mb="0" cb="0"/><line nr="18" mi="0" ci="1" mb="0" cb="0"/><line nr="21" mi="0" ci="2" mb="0" cb="0"/><line nr="22" mi="0" ci="3" mb="0" cb="0"/><line nr="23" mi="0" ci="3" mb="0" cb="0"/><line nr="24" mi="0" ci="1" mb="0" cb="0"/><line nr="27" mi="0" ci="3" mb="0" cb="0"/><line nr="31" mi="0" ci="3" mb="0" cb="0"/><line nr="32" mi="0" ci="1" mb="0" cb="0"/><line nr="35" mi="0" ci="3" mb="0" cb="0"/><line nr="39" mi="0" ci="3" mb="0" cb="0"/><line nr="40" mi="0" ci="1" mb="0" cb="0"/><line nr="44" mi="0" ci="12" mb="0" cb="0"/><counter type="INSTRUCTION" missed="0" covered="41"/><counter type="LINE" missed="0" covered="14"/><counter type="COMPLEXITY" missed="0" covered="7"/><counter type="METHOD" missed="0" covered="7"/><counter type="CLASS" missed="0" covered="1"/></sourcefile><sourcefile name="MessageModel.java"><line nr="19" mi="0" ci="2" mb="0" cb="0"/><line nr="20" mi="0" ci="3" mb="0" cb="0"/><line nr="21" mi="0" ci="3" mb="0" cb="0"/><line nr="22" mi="0" ci="3" mb="0" cb="0"/><line nr="23" mi="0" ci="3" mb="0" cb="0"/><line nr="24" mi="0" ci="3" mb="0" cb="0"/><line nr="25" mi="0" ci="3" mb="0" cb="0"/><line nr="26" mi="0" ci="3" mb="0" cb="0"/><line nr="27" mi="0" ci="1" mb="0" cb="0"/><line nr="31" mi="0" ci="2" mb="0" cb="0"/><line nr="32" mi="0" ci="3" mb="0" cb="0"/><line nr="33" mi="0" ci="3" mb="0" cb="0"/><line nr="34" mi="0" ci="3" mb="0" cb="0"/><line nr="35" mi="0" ci="3" mb="0" cb="0"/><line nr="36" mi="0" ci="3" mb="0" cb="0"/><line nr="37" mi="0" ci="3" mb="0" cb="0"/><line nr="38" mi="0" ci="3" mb="0" cb="0"/><line nr="39" mi="0" ci="3" mb="0" cb="0"/><line nr="40" mi="0" ci="3" mb="0" cb="0"/><line nr="41" mi="0" ci="3" mb="0" cb="0"/><line nr="42" mi="0" ci="1" mb="0" cb="0"/><line nr="46" mi="0" ci="2" mb="0" cb="0"/><line nr="47" mi="0" ci="3" mb="0" cb="0"/><line nr="48" mi="0" ci="3" mb="0" cb="0"/><line nr="49" mi="0" ci="3" mb="0" cb="0"/><line nr="50" mi="0" ci="3" mb="0" cb="0"/><line nr="51" mi="0" ci="3" mb="0" cb="0"/><line nr="52" mi="0" ci="3" mb="0" cb="0"/><line nr="53" mi="0" ci="3" mb="0" cb="0"/><line nr="54" mi="0" ci="3" mb="0" cb="0"/><line nr="55" mi="0" ci="3" mb="0" cb="0"/><line nr="56" mi="0" ci="1" mb="0" cb="0"/><line nr="60" mi="0" ci="2" mb="0" cb="0"/><line nr="61" mi="0" ci="3" mb="0" cb="0"/><line nr="62" mi="0" ci="3" mb="0" cb="0"/><line nr="63" mi="0" ci="3" mb="0" cb="0"/><line nr="64" mi="0" ci="3" mb="0" cb="0"/><line nr="65" mi="0" ci="3" mb="0" cb="0"/><line nr="66" mi="0" ci="3" mb="0" cb="0"/><line nr="67" mi="0" ci="3" mb="0" cb="0"/><line nr="68" mi="0" ci="3" mb="0" cb="0"/><line nr="69" mi="0" ci="1" mb="0" cb="0"/><line nr="72" mi="0" ci="3" mb="0" cb="0"/><line nr="76" mi="0" ci="3" mb="0" cb="0"/><line nr="77" mi="0" ci="1" mb="0" cb="0"/><line nr="80" mi="0" ci="3" mb="0" cb="0"/><line nr="84" mi="0" ci="3" mb="0" cb="0"/><line nr="85" mi="0" ci="1" mb="0" cb="0"/><line nr="88" mi="0" ci="3" mb="0" cb="0"/><line nr="92" mi="0" ci="3" mb="0" cb="0"/><line nr="93" mi="0" ci="1" mb="0" cb="0"/><line nr="96" mi="0" ci="3" mb="0" cb="0"/><line nr="100" mi="0" ci="3" mb="0" cb="0"/><line nr="101" mi="0" ci="1" mb="0" cb="0"/><line nr="104" mi="0" ci="3" mb="0" cb="0"/><line nr="108" mi="0" ci="3" mb="0" cb="0"/><line nr="109" mi="0" ci="1" mb="0" cb="0"/><line nr="112" mi="0" ci="3" mb="0" cb="0"/><line nr="116" mi="0" ci="3" mb="0" cb="0"/><line nr="117" mi="0" ci="1" mb="0" cb="0"/><line nr="120" mi="0" ci="3" mb="0" cb="0"/><line nr="124" mi="0" ci="3" mb="0" cb="0"/><line nr="125" mi="0" ci="1" mb="0" cb="0"/><line nr="128" mi="0" ci="3" mb="0" cb="0"/><line nr="132" mi="0" ci="3" mb="0" cb="0"/><line nr="133" mi="0" ci="1" mb="0" cb="0"/><line nr="136" mi="0" ci="3" mb="0" cb="0"/><line nr="140" mi="0" ci="3" mb="0" cb="0"/><line nr="141" mi="0" ci="1" mb="0" cb="0"/><line nr="144" mi="0" ci="3" mb="0" cb="0"/><line nr="148" mi="0" ci="3" mb="0" cb="0"/><line nr="149" mi="0" ci="1" mb="0" cb="0"/><counter type="INSTRUCTION" missed="0" covered="184"/><counter type="LINE" missed="0" covered="72"/><counter type="COMPLEXITY" missed="0" covered="24"/><counter type="METHOD" missed="0" covered="24"/><counter type="CLASS" missed="0" covered="1"/></sourcefile><sourcefile name="User.java"><line nr="41" mi="0" ci="4" mb="0" cb="0"/><line nr="44" mi="0" ci="2" mb="0" cb="0"/><line nr="45" mi="0" ci="3" mb="0" cb="0"/><line nr="46" mi="0" ci="3" mb="0" cb="0"/><line nr="47" mi="0" ci="3" mb="0" cb="0"/><line nr="48" mi="0" ci="3" mb="0" cb="0"/><line nr="49" mi="0" ci="3" mb="0" cb="0"/><line nr="50" mi="0" ci="3" mb="0" cb="0"/><line nr="51" mi="0" ci="3" mb="0" cb="0"/><line nr="52" mi="0" ci="3" mb="0" cb="0"/><line nr="53" mi="0" ci="1" mb="0" cb="0"/><line nr="56" mi="0" ci="2" mb="0" cb="0"/><line nr="57" mi="0" ci="3" mb="0" cb="0"/><line nr="58" mi="0" ci="3" mb="0" cb="0"/><line nr="59" mi="0" ci="3" mb="0" cb="0"/><line nr="60" mi="0" ci="3" mb="0" cb="0"/><line nr="61" mi="0" ci="3" mb="0" cb="0"/><line nr="62" mi="0" ci="3" mb="0" cb="0"/><line nr="63" mi="0" ci="3" mb="0" cb="0"/><line nr="64" mi="0" ci="3" mb="0" cb="0"/><line nr="65" mi="0" ci="3" mb="0" cb="0"/><line nr="66" mi="0" ci="1" mb="0" cb="0"/><line nr="69" mi="0" ci="2" mb="0" cb="0"/><line nr="70" mi="0" ci="3" mb="0" cb="0"/><line nr="71" mi="0" ci="3" mb="0" cb="0"/><line nr="72" mi="0" ci="3" mb="0" cb="0"/><line nr="73" mi="0" ci="3" mb="0" cb="0"/><line nr="74" mi="0" ci="3" mb="0" cb="0"/><line nr="75" mi="0" ci="3" mb="0" cb="0"/><line nr="76" mi="0" ci="3" mb="0" cb="0"/><line nr="77" mi="0" ci="3" mb="0" cb="0"/><line nr="78" mi="0" ci="3" mb="0" cb="0"/><line nr="79" mi="0" ci="1" mb="0" cb="0"/><line nr="81" mi="0" ci="2" mb="0" cb="0"/><line nr="82" mi="0" ci="3" mb="0" cb="0"/><line nr="83" mi="0" ci="3" mb="0" cb="0"/><line nr="84" mi="0" ci="3" mb="0" cb="0"/><line nr="85" mi="0" ci="3" mb="0" cb="0"/><line nr="86" mi="0" ci="3" mb="0" cb="0"/><line nr="87" mi="0" ci="3" mb="0" cb="0"/><line nr="88" mi="0" ci="3" mb="0" cb="0"/><line nr="89" mi="0" ci="3" mb="0" cb="0"/><line nr="90" mi="0" ci="3" mb="0" cb="0"/><line nr="91" mi="0" ci="1" mb="0" cb="0"/><line nr="93" mi="0" ci="2" mb="0" cb="0"/><line nr="94" mi="0" ci="3" mb="0" cb="0"/><line nr="95" mi="0" ci="3" mb="0" cb="0"/><line nr="96" mi="0" ci="3" mb="0" cb="0"/><line nr="97" mi="0" ci="3" mb="0" cb="0"/><line nr="98" mi="0" ci="3" mb="0" cb="0"/><line nr="99" mi="0" ci="3" mb="0" cb="0"/><line nr="100" mi="0" ci="3" mb="0" cb="0"/><line nr="101" mi="0" ci="3" mb="0" cb="0"/><line nr="102" mi="0" ci="1" mb="0" cb="0"/><line nr="105" mi="0" ci="3" mb="0" cb="0"/><line nr="109" mi="0" ci="3" mb="0" cb="0"/><line nr="110" mi="0" ci="1" mb="0" cb="0"/><line nr="113" mi="0" ci="3" mb="0" cb="0"/><line nr="117" mi="0" ci="3" mb="0" cb="0"/><line nr="118" mi="0" ci="1" mb="0" cb="0"/><line nr="121" mi="0" ci="3" mb="0" cb="0"/><line nr="125" mi="0" ci="3" mb="0" cb="0"/><line nr="126" mi="0" ci="1" mb="0" cb="0"/><line nr="129" mi="0" ci="3" mb="0" cb="0"/><line nr="134" mi="0" ci="4" mb="0" cb="0"/><line nr="135" mi="1" ci="0" mb="0" cb="0"/><line nr="136" mi="3" ci="0" mb="0" cb="0"/><line nr="137" mi="0" ci="1" mb="0" cb="0"/><line nr="138" mi="0" ci="1" mb="0" cb="0"/><line nr="142" mi="0" ci="22" mb="0" cb="0"/><line nr="146" mi="0" ci="3" mb="0" cb="0"/><line nr="150" mi="0" ci="3" mb="0" cb="0"/><line nr="151" mi="0" ci="1" mb="0" cb="0"/><line nr="154" mi="0" ci="3" mb="0" cb="0"/><line nr="158" mi="0" ci="3" mb="0" cb="0"/><line nr="159" mi="0" ci="1" mb="0" cb="0"/><line nr="162" mi="0" ci="3" mb="0" cb="0"/><line nr="170" mi="0" ci="3" mb="0" cb="0"/><line nr="171" mi="0" ci="1" mb="0" cb="0"/><line nr="178" mi="0" ci="3" mb="0" cb="2"/><line nr="180" mi="0" ci="3" mb="0" cb="0"/><line nr="181" mi="0" ci="2" mb="0" cb="0"/><line nr="184" mi="0" ci="2" mb="0" cb="0"/><line nr="195" mi="0" ci="3" mb="0" cb="0"/><line nr="205" mi="0" ci="3" mb="0" cb="0"/><line nr="209" mi="0" ci="3" mb="0" cb="0"/><line nr="210" mi="0" ci="1" mb="0" cb="0"/><line nr="213" mi="0" ci="3" mb="0" cb="0"/><line nr="214" mi="0" ci="1" mb="0" cb="0"/><line nr="217" mi="0" ci="3" mb="0" cb="0"/><line nr="221" mi="0" ci="3" mb="0" cb="0"/><line nr="222" mi="0" ci="1" mb="0" cb="0"/><line nr="225" mi="0" ci="3" mb="0" cb="2"/><line nr="226" mi="0" ci="14" mb="0" cb="0"/><line nr="229" mi="0" ci="3" mb="0" cb="0"/><line nr="231" mi="0" ci="1" mb="0" cb="0"/><line nr="234" mi="0" ci="7" mb="0" cb="0"/><line nr="235" mi="0" ci="1" mb="0" cb="0"/><line nr="238" mi="0" ci="3" mb="0" cb="0"/><line nr="242" mi="0" ci="3" mb="0" cb="0"/><line nr="243" mi="0" ci="1" mb="0" cb="0"/><counter type="INSTRUCTION" missed="4" covered="288"/><counter type="BRANCH" missed="0" covered="4"/><counter type="LINE" missed="2" covered="99"/><counter type="COMPLEXITY" missed="0" covered="34"/><counter type="METHOD" missed="0" covered="32"/><counter type="CLASS" missed="0" covered="1"/></sourcefile><sourcefile name="Membership.java"><line nr="10" mi="0" ci="2" mb="0" cb="0"/><line nr="11" mi="0" ci="3" mb="0" cb="0"/><line nr="12" mi="0" ci="3" mb="0" cb="0"/><line nr="13" mi="0" ci="1" mb="0" cb="0"/><line nr="15" mi="0" ci="2" mb="0" cb="0"/><line nr="16" mi="0" ci="3" mb="0" cb="0"/><line nr="17" mi="0" ci="3" mb="0" cb="0"/><line nr="18" mi="0" ci="3" mb="0" cb="0"/><line nr="19" mi="0" ci="1" mb="0" cb="0"/><line nr="22" mi="0" ci="3" mb="0" cb="0"/><line nr="25" mi="0" ci="3" mb="0" cb="0"/><line nr="26" mi="0" ci="1" mb="0" cb="0"/><line nr="28" mi="0" ci="3" mb="0" cb="0"/><line nr="31" mi="0" ci="3" mb="0" cb="0"/><line nr="32" mi="0" ci="1" mb="0" cb="0"/><line nr="34" mi="0" ci="3" mb="0" cb="0"/><line nr="37" mi="0" ci="3" mb="0" cb="0"/><line nr="38" mi="0" ci="1" mb="0" cb="0"/><line nr="40" mi="0" ci="3" mb="0" cb="0"/><line nr="43" mi="0" ci="3" mb="0" cb="0"/><line nr="44" mi="0" ci="1" mb="0" cb="0"/><counter type="INSTRUCTION" missed="0" covered="49"/><counter type="LINE" missed="0" covered="21"/><counter type="COMPLEXITY" missed="0" covered="10"/><counter type="METHOD" missed="0" covered="10"/><counter type="CLASS" missed="0" covered="1"/></sourcefile><counter type="INSTRUCTION" missed="4" covered="562"/><counter type="BRANCH" missed="0" covered="4"/><counter type="LINE" missed="2" covered="206"/><counter type="COMPLEXITY" missed="0" covered="75"/><counter type="METHOD" missed="0" covered="73"/><counter type="CLASS" missed="0" covered="4"/></package><package name="edu/northeastern/ccs/db/daos"><class name="edu/northeastern/ccs/db/daos/MembershipDao" sourcefilename="MembershipDao.java"><method name="&lt;init&gt;" desc="()V" line="22"><counter type="INSTRUCTION" missed="0" covered="9"/><counter type="LINE" missed="0" covered="4"/><counter type="COMPLEXITY" missed="0" covered="1"/><counter type="METHOD" missed="0" covered="1"/></method><method name="getInstance" desc="()Ledu/northeastern/ccs/db/daos/MembershipDao;" line="47"><counter type="INSTRUCTION" missed="4" covered="11"/><counter type="BRANCH" missed="1" covered="1"/><counter type="LINE" missed="2" covered="5"/><counter type="COMPLEXITY" missed="1" covered="1"/><counter type="METHOD" missed="0" covered="1"/></method><method name="createMembership" desc="(Ljava/lang/String;Ljava/lang/String;)I" line="59"><counter type="INSTRUCTION" missed="0" covered="37"/><counter type="LINE" missed="0" covered="11"/><counter type="COMPLEXITY" missed="0" covered="1"/><counter type="METHOD" missed="0" covered="1"/></method><method name="createAdmin" desc="(Ljava/lang/String;Ljava/lang/String;)I" line="74"><counter type="INSTRUCTION" missed="0" covered="37"/><counter type="LINE" missed="0" covered="11"/><counter type="COMPLEXITY" missed="0" covered="1"/><counter type="METHOD" missed="0" covered="1"/></method><method name="deleteMembership" desc="(Ljava/lang/String;Ljava/lang/String;)I" line="89"><counter type="INSTRUCTION" missed="4" covered="31"/><counter type="BRANCH" missed="0" covered="2"/><counter type="LINE" missed="2" covered="10"/><counter type="COMPLEXITY" missed="0" covered="2"/><counter type="METHOD" missed="0" covered="1"/></method><method name="findAdminForGroup" desc="(Ljava/lang/String;Ljava/lang/String;)Z" line="114"><counter type="INSTRUCTION" missed="4" covered="55"/><counter type="BRANCH" missed="0" covered="4"/><counter type="LINE" missed="2" covered="14"/><counter type="COMPLEXITY" missed="0" covered="3"/><counter type="METHOD" missed="0" covered="1"/></method><method name="findAllGroupsForUser" desc="(Ljava/lang/String;)Ljava/util/List;" line="138"><counter type="INSTRUCTION" missed="4" covered="39"/><counter type="BRANCH" missed="0" covered="2"/><counter type="LINE" missed="2" covered="11"/><counter type="COMPLEXITY" missed="0" covered="2"/><counter type="METHOD" missed="0" covered="1"/></method><method name="findAllUsersForGroup" desc="(Ljava/lang/String;)Ljava/util/List;" line="155"><counter type="INSTRUCTION" missed="4" covered="39"/><counter type="BRANCH" missed="0" covered="2"/><counter type="LINE" missed="2" covered="11"/><counter type="COMPLEXITY" missed="0" covered="2"/><counter type="METHOD" missed="0" covered="1"/></method><method name="findAllAdminsForGroup" desc="(Ljava/lang/String;)Ljava/util/List;" line="172"><counter type="INSTRUCTION" missed="4" covered="44"/><counter type="BRANCH" missed="0" covered="2"/><counter type="LINE" missed="2" covered="12"/><counter type="COMPLEXITY" missed="0" covered="2"/><counter type="METHOD" missed="0" covered="1"/></method><method name="isMember" desc="(Ljava/lang/String;Ljava/lang/String;)Z" line="190"><counter type="INSTRUCTION" missed="4" covered="50"/><counter type="BRANCH" missed="0" covered="4"/><counter type="LINE" missed="2" covered="13"/><counter type="COMPLEXITY" missed="0" covered="3"/><counter type="METHOD" missed="0" covered="1"/></method><method name="&lt;clinit&gt;" desc="()V" line="18"><counter type="INSTRUCTION" missed="0" covered="6"/><counter type="LINE" missed="0" covered="2"/><counter type="COMPLEXITY" missed="0" covered="1"/><counter type="METHOD" missed="0" covered="1"/></method><counter type="INSTRUCTION" missed="28" covered="358"/><counter type="BRANCH" missed="1" covered="17"/><counter type="LINE" missed="14" covered="104"/><counter type="COMPLEXITY" missed="1" covered="19"/><counter type="METHOD" missed="0" covered="11"/><counter type="CLASS" missed="0" covered="1"/></class><class name="edu/northeastern/ccs/db/daos/UserDao" sourcefilename="UserDao.java"><method name="&lt;init&gt;" desc="()V" line="20"><counter type="INSTRUCTION" missed="0" covered="9"/><counter type="LINE" missed="0" covered="4"/><counter type="COMPLEXITY" missed="0" covered="1"/><counter type="METHOD" missed="0" covered="1"/></method><method name="getInstance" desc="()Ledu/northeastern/ccs/db/daos/UserDao;" line="45"><counter type="INSTRUCTION" missed="4" covered="11"/><counter type="BRANCH" missed="0" covered="2"/><counter type="LINE" missed="2" covered="5"/><counter type="COMPLEXITY" missed="0" covered="2"/><counter type="METHOD" missed="0" covered="1"/></method><method name="getUserName" desc="(I)Ljava/lang/String;" line="57"><counter type="INSTRUCTION" missed="4" covered="33"/><counter type="BRANCH" missed="0" covered="2"/><counter type="LINE" missed="2" covered="9"/><counter type="COMPLEXITY" missed="0" covered="2"/><counter type="METHOD" missed="0" covered="1"/></method><method name="setCensoredWords" desc="(Ljava/lang/String;Ljava/lang/String;)Z" line="74"><counter type="INSTRUCTION" missed="4" covered="32"/><counter type="BRANCH" missed="0" covered="2"/><counter type="LINE" missed="2" covered="8"/><counter type="COMPLEXITY" missed="0" covered="2"/><counter type="METHOD" missed="0" covered="1"/></method><method name="getCensoredWords" desc="(Ljava/lang/String;)Ljava/lang/String;" line="88"><counter type="INSTRUCTION" missed="4" covered="33"/><counter type="BRANCH" missed="0" covered="2"/><counter type="LINE" missed="2" covered="9"/><counter type="COMPLEXITY" missed="0" covered="2"/><counter type="METHOD" missed="0" covered="1"/></method><method name="createUser" desc="(Ledu/northeastern/ccs/im/models/User;)I" line="107"><counter type="INSTRUCTION" missed="4" covered="59"/><counter type="LINE" missed="2" covered="13"/><counter type="COMPLEXITY" missed="0" covered="1"/><counter type="METHOD" missed="0" covered="1"/></method><method name="findUserByUsername" desc="(Ljava/lang/String;)Ledu/northeastern/ccs/im/models/User;" line="126"><counter type="INSTRUCTION" missed="4" covered="100"/><counter type="BRANCH" missed="0" covered="4"/><counter type="LINE" missed="2" covered="24"/><counter type="COMPLEXITY" missed="0" covered="3"/><counter type="METHOD" missed="0" covered="1"/></method><method name="deleteUser" desc="(Ljava/lang/String;)I" line="159"><counter type="INSTRUCTION" missed="4" covered="26"/><counter type="BRANCH" missed="0" covered="2"/><counter type="LINE" missed="2" covered="9"/><counter type="COMPLEXITY" missed="0" covered="2"/><counter type="METHOD" missed="0" covered="1"/></method><method name="updateUser" desc="(Ljava/lang/String;Ledu/northeastern/ccs/im/models/User;)I" line="185"><counter type="INSTRUCTION" missed="4" covered="76"/><counter type="LINE" missed="2" covered="16"/><counter type="COMPLEXITY" missed="0" covered="1"/><counter type="METHOD" missed="0" covered="1"/></method><method name="getUserIdFromUsername" desc="(Ljava/lang/String;)I" line="210"><counter type="INSTRUCTION" missed="0" covered="34"/><counter type="BRANCH" missed="0" covered="2"/><counter type="LINE" missed="0" covered="10"/><counter type="COMPLEXITY" missed="0" covered="2"/><counter type="METHOD" missed="0" covered="1"/></method><method name="setTappingAgencyForUser" desc="(Ljava/lang/String;Ljava/lang/String;)Z" line="225"><counter type="INSTRUCTION" missed="4" covered="32"/><counter type="BRANCH" missed="0" covered="2"/><counter type="LINE" missed="2" covered="8"/><counter type="COMPLEXITY" missed="0" covered="2"/><counter type="METHOD" missed="0" covered="1"/></method><method name="getTappedbyForUser" desc="(Ljava/lang/String;)Ljava/lang/String;" line="239"><counter type="INSTRUCTION" missed="0" covered="36"/><counter type="LINE" missed="0" covered="11"/><counter type="COMPLEXITY" missed="0" covered="1"/><counter type="METHOD" missed="0" covered="1"/></method><method name="&lt;clinit&gt;" desc="()V" line="16"><counter type="INSTRUCTION" missed="0" covered="6"/><counter type="LINE" missed="0" covered="2"/><counter type="COMPLEXITY" missed="0" covered="1"/><counter type="METHOD" missed="0" covered="1"/></method><counter type="INSTRUCTION" missed="36" covered="487"/><counter type="BRANCH" missed="0" covered="18"/><counter type="LINE" missed="18" covered="128"/><counter type="COMPLEXITY" missed="0" covered="22"/><counter type="METHOD" missed="0" covered="13"/><counter type="CLASS" missed="0" covered="1"/></class><class name="edu/northeastern/ccs/db/daos/MessageDao" sourcefilename="MessageDao.java"><method name="&lt;init&gt;" desc="()V" line="35"><counter type="INSTRUCTION" missed="0" covered="9"/><counter type="LINE" missed="0" covered="4"/><counter type="COMPLEXITY" missed="0" covered="1"/><counter type="METHOD" missed="0" covered="1"/></method><method name="getInstance" desc="()Ledu/northeastern/ccs/db/daos/MessageDao;" line="89"><counter type="INSTRUCTION" missed="4" covered="13"/><counter type="BRANCH" missed="1" covered="1"/><counter type="LINE" missed="2" covered="6"/><counter type="COMPLEXITY" missed="1" covered="1"/><counter type="METHOD" missed="0" covered="1"/></method><method name="handleRecallMessage" desc="(I)Z" line="108"><counter type="INSTRUCTION" missed="6" covered="89"/><counter type="BRANCH" missed="2" covered="2"/><counter type="LINE" missed="3" covered="23"/><counter type="COMPLEXITY" missed="2" covered="1"/><counter type="METHOD" missed="0" covered="1"/></method><method name="createMessage" desc="(Ledu/northeastern/ccs/im/models/MessageModel;)Ledu/northeastern/ccs/im/models/MessageModel;" line="149"><counter type="INSTRUCTION" missed="4" covered="99"/><counter type="BRANCH" missed="0" covered="2"/><counter type="LINE" missed="2" covered="22"/><counter type="COMPLEXITY" missed="0" covered="2"/><counter type="METHOD" missed="0" covered="1"/></method><method name="findMessageById" desc="(I)Ledu/northeastern/ccs/im/models/MessageModel;" line="185"><counter type="INSTRUCTION" missed="18" covered="95"/><counter type="BRANCH" missed="2" covered="2"/><counter type="LINE" missed="4" covered="23"/><counter type="COMPLEXITY" missed="2" covered="1"/><counter type="METHOD" missed="0" covered="1"/></method><method name="setMessageDelivery" desc="(IZ)I" line="227"><counter type="INSTRUCTION" missed="4" covered="27"/><counter type="LINE" missed="2" covered="8"/><counter type="COMPLEXITY" missed="0" covered="1"/><counter type="METHOD" missed="0" covered="1"/></method><method name="setMessageRecallStatus" desc="(IZ)I" line="248"><counter type="INSTRUCTION" missed="4" covered="27"/><counter type="LINE" missed="2" covered="8"/><counter type="COMPLEXITY" missed="0" covered="1"/><counter type="METHOD" missed="0" covered="1"/></method><method name="getListOfUndeliveredMessagesForUser" desc="(I)Ljava/util/List;" line="268"><counter type="INSTRUCTION" missed="4" covered="90"/><counter type="BRANCH" missed="0" covered="2"/><counter type="LINE" missed="2" covered="21"/><counter type="COMPLEXITY" missed="0" covered="2"/><counter type="METHOD" missed="0" covered="1"/></method><method name="findSentMessages" desc="(I)Ljava/util/List;" line="302"><counter type="INSTRUCTION" missed="11" covered="90"/><counter type="BRANCH" missed="0" covered="2"/><counter type="LINE" missed="2" covered="21"/><counter type="COMPLEXITY" missed="0" covered="2"/><counter type="METHOD" missed="0" covered="1"/></method><method name="findReceivedMessages" desc="(I)Ljava/util/List;" line="335"><counter type="INSTRUCTION" missed="4" covered="90"/><counter type="BRANCH" missed="0" covered="2"/><counter type="LINE" missed="2" covered="21"/><counter type="COMPLEXITY" missed="0" covered="2"/><counter type="METHOD" missed="0" covered="1"/></method><method name="findMessageConversation" desc="(II)Ljava/util/List;" line="369"><counter type="INSTRUCTION" missed="4" covered="90"/><counter type="BRANCH" missed="0" covered="2"/><counter type="LINE" missed="2" covered="21"/><counter type="COMPLEXITY" missed="0" covered="2"/><counter type="METHOD" missed="0" covered="1"/></method><method name="getConversation" desc="(ILjava/sql/Timestamp;Ljava/sql/Timestamp;)Ljava/util/List;" line="404"><counter type="INSTRUCTION" missed="4" covered="100"/><counter type="BRANCH" missed="0" covered="2"/><counter type="LINE" missed="2" covered="23"/><counter type="COMPLEXITY" missed="0" covered="2"/><counter type="METHOD" missed="0" covered="1"/></method><method name="updateSenderIp" desc="(ILjava/lang/String;)I" line="441"><counter type="INSTRUCTION" missed="4" covered="27"/><counter type="LINE" missed="2" covered="8"/><counter type="COMPLEXITY" missed="0" covered="1"/><counter type="METHOD" missed="0" covered="1"/></method><method name="updateReceiverIp" desc="(ILjava/lang/String;)I" line="462"><counter type="INSTRUCTION" missed="4" covered="27"/><counter type="LINE" missed="2" covered="8"/><counter type="COMPLEXITY" missed="0" covered="1"/><counter type="METHOD" missed="0" covered="1"/></method><method name="recallById" desc="(ILjava/lang/String;)Z" line="484"><counter type="INSTRUCTION" missed="0" covered="16"/><counter type="BRANCH" missed="1" covered="3"/><counter type="LINE" missed="0" covered="1"/><counter type="COMPLEXITY" missed="1" covered="2"/><counter type="METHOD" missed="0" covered="1"/></method><method name="&lt;clinit&gt;" desc="()V" line="23"><counter type="INSTRUCTION" missed="0" covered="10"/><counter type="LINE" missed="0" covered="4"/><counter type="COMPLEXITY" missed="0" covered="1"/><counter type="METHOD" missed="0" covered="1"/></method><counter type="INSTRUCTION" missed="75" covered="899"/><counter type="BRANCH" missed="6" covered="20"/><counter type="LINE" missed="29" covered="222"/><counter type="COMPLEXITY" missed="6" covered="23"/><counter type="METHOD" missed="0" covered="16"/><counter type="CLASS" missed="0" covered="1"/></class><class name="edu/northeastern/ccs/db/daos/GroupDao" sourcefilename="GroupDao.java"><method name="&lt;init&gt;" desc="()V" line="21"><counter type="INSTRUCTION" missed="0" covered="6"/><counter type="LINE" missed="0" covered="3"/><counter type="COMPLEXITY" missed="0" covered="1"/><counter type="METHOD" missed="0" covered="1"/></method><method name="getInstance" desc="()Ledu/northeastern/ccs/db/daos/GroupDao;" line="31"><counter type="INSTRUCTION" missed="4" covered="11"/><counter type="BRANCH" missed="1" covered="1"/><counter type="LINE" missed="2" covered="5"/><counter type="COMPLEXITY" missed="1" covered="1"/><counter type="METHOD" missed="0" covered="1"/></method><method name="createGroup" desc="(Ljava/lang/String;)I" line="44"><counter type="INSTRUCTION" missed="4" covered="23"/><counter type="LINE" missed="2" covered="7"/><counter type="COMPLEXITY" missed="0" covered="1"/><counter type="METHOD" missed="0" covered="1"/></method><method name="findGroupByName" desc="(Ljava/lang/String;)Ledu/northeastern/ccs/im/models/Group;" line="57"><counter type="INSTRUCTION" missed="4" covered="52"/><counter type="BRANCH" missed="0" covered="4"/><counter type="LINE" missed="2" covered="16"/><counter type="COMPLEXITY" missed="0" covered="3"/><counter type="METHOD" missed="0" covered="1"/></method><method name="deleteGroup" desc="(Ljava/lang/String;)I" line="85"><counter type="INSTRUCTION" missed="4" covered="26"/><counter type="BRANCH" missed="0" covered="2"/><counter type="LINE" missed="2" covered="9"/><counter type="COMPLEXITY" missed="0" covered="2"/><counter type="METHOD" missed="0" covered="1"/></method><method name="&lt;clinit&gt;" desc="()V" line="17"><counter type="INSTRUCTION" missed="0" covered="6"/><counter type="LINE" missed="0" covered="2"/><counter type="COMPLEXITY" missed="0" covered="1"/><counter type="METHOD" missed="0" covered="1"/></method><counter type="INSTRUCTION" missed="16" covered="124"/><counter type="BRANCH" missed="1" covered="7"/><counter type="LINE" missed="8" covered="42"/><counter type="COMPLEXITY" missed="1" covered="9"/><counter type="METHOD" missed="0" covered="6"/><counter type="CLASS" missed="0" covered="1"/></class><sourcefile name="MessageDao.java"><line nr="23" mi="0" ci="3" mb="0" cb="0"/><line nr="26" mi="0" ci="2" mb="0" cb="0"/><line nr="29" mi="0" ci="2" mb="0" cb="0"/><line nr="32" mi="0" ci="3" mb="0" cb="0"/><line nr="35" mi="0" ci="3" mb="0" cb="0"/><line nr="38" mi="0" ci="3" mb="0" cb="0"/><line nr="43" mi="0" ci="2" mb="0" cb="0"/><line nr="44" mi="0" ci="1" mb="0" cb="0"/><line nr="89" mi="0" ci="2" mb="0" cb="0"/><line nr="90" mi="0" ci="2" mb="0" cb="0"/><line nr="92" mi="0" ci="2" mb="1" cb="1"/><line nr="93" mi="0" ci="4" mb="0" cb="0"/><line nr="95" mi="1" ci="0" mb="0" cb="0"/><line nr="96" mi="3" ci="0" mb="0" cb="0"/><line nr="97" mi="0" ci="1" mb="0" cb="0"/><line nr="98" mi="0" ci="2" mb="0" cb="0"/><line nr="108" mi="0" ci="2" mb="0" cb="0"/><line nr="109" mi="0" ci="2" mb="0" cb="0"/><line nr="111" mi="0" ci="5" mb="0" cb="0"/><line nr="112" mi="0" ci="5" mb="0" cb="0"/><line nr="113" mi="0" ci="5" mb="0" cb="0"/><line nr="114" mi="0" ci="4" mb="1" cb="1"/><line nr="115" mi="0" ci="5" mb="0" cb="0"/><line nr="118" mi="0" ci="3" mb="0" cb="0"/><line nr="119" mi="0" ci="3" mb="0" cb="0"/><line nr="120" mi="0" ci="5" mb="0" cb="0"/><line nr="121" mi="0" ci="5" mb="0" cb="0"/><line nr="122" mi="0" ci="5" mb="0" cb="0"/><line nr="123" mi="0" ci="5" mb="0" cb="0"/><line nr="124" mi="0" ci="2" mb="0" cb="0"/><line nr="125" mi="0" ci="4" mb="1" cb="1"/><line nr="126" mi="0" ci="5" mb="0" cb="0"/><line nr="129" mi="0" ci="3" mb="0" cb="0"/><line nr="130" mi="0" ci="3" mb="0" cb="0"/><line nr="131" mi="0" ci="5" mb="0" cb="0"/><line nr="132" mi="0" ci="5" mb="0" cb="0"/><line nr="133" mi="0" ci="3" mb="0" cb="0"/><line nr="134" mi="0" ci="3" mb="0" cb="0"/><line nr="135" mi="0" ci="2" mb="0" cb="0"/><line nr="136" mi="1" ci="0" mb="0" cb="0"/><line nr="137" mi="3" ci="0" mb="0" cb="0"/><line nr="139" mi="2" ci="0" mb="0" cb="0"/><line nr="149" mi="0" ci="2" mb="0" cb="0"/><line nr="151" mi="0" ci="6" mb="0" cb="0"/><line nr="152" mi="0" ci="6" mb="0" cb="0"/><line nr="153" mi="0" ci="6" mb="0" cb="0"/><line nr="154" mi="0" ci="6" mb="0" cb="0"/><line nr="155" mi="0" ci="6" mb="0" cb="0"/><line nr="156" mi="0" ci="6" mb="0" cb="0"/><line nr="157" mi="0" ci="6" mb="0" cb="0"/><line nr="158" mi="0" ci="6" mb="0" cb="0"/><line nr="159" mi="0" ci="6" mb="0" cb="0"/><line nr="160" mi="0" ci="6" mb="0" cb="0"/><line nr="161" mi="0" ci="4" mb="0" cb="0"/><line nr="162" mi="0" ci="5" mb="0" cb="0"/><line nr="163" mi="0" ci="4" mb="0" cb="2"/><line nr="164" mi="0" ci="5" mb="0" cb="0"/><line nr="165" mi="0" ci="3" mb="0" cb="0"/><line nr="166" mi="0" ci="3" mb="0" cb="0"/><line nr="167" mi="0" ci="4" mb="0" cb="0"/><line nr="169" mi="0" ci="3" mb="0" cb="0"/><line nr="170" mi="0" ci="3" mb="0" cb="0"/><line nr="172" mi="1" ci="0" mb="0" cb="0"/><line nr="173" mi="3" ci="0" mb="0" cb="0"/><line nr="174" mi="0" ci="1" mb="0" cb="0"/><line nr="175" mi="0" ci="2" mb="0" cb="0"/><line nr="185" mi="0" ci="2" mb="0" cb="0"/><line nr="186" mi="0" ci="2" mb="0" cb="0"/><line nr="188" mi="0" ci="5" mb="0" cb="0"/><line nr="189" mi="0" ci="5" mb="0" cb="0"/><line nr="190" mi="0" ci="5" mb="0" cb="0"/><line nr="191" mi="0" ci="4" mb="1" cb="1"/><line nr="192" mi="0" ci="5" mb="0" cb="0"/><line nr="193" mi="0" ci="5" mb="0" cb="0"/><line nr="194" mi="0" ci="5" mb="0" cb="0"/><line nr="195" mi="0" ci="5" mb="0" cb="0"/><line nr="196" mi="0" ci="5" mb="0" cb="0"/><line nr="197" mi="0" ci="5" mb="0" cb="0"/><line nr="198" mi="0" ci="5" mb="0" cb="0"/><line nr="199" mi="0" ci="5" mb="0" cb="0"/><line nr="200" mi="0" ci="5" mb="0" cb="0"/><line nr="201" mi="0" ci="13" mb="0" cb="0"/><line nr="203" mi="0" ci="2" mb="0" cb="0"/><line nr="204" mi="0" ci="1" mb="0" cb="0"/><line nr="206" mi="0" ci="3" mb="0" cb="0"/><line nr="207" mi="0" ci="3" mb="0" cb="0"/><line nr="208" mi="0" ci="2" mb="1" cb="1"/><line nr="209" mi="12" ci="0" mb="0" cb="0"/><line nr="210" mi="2" ci="0" mb="0" cb="0"/><line nr="213" mi="1" ci="0" mb="0" cb="0"/><line nr="214" mi="3" ci="0" mb="0" cb="0"/><line nr="215" mi="0" ci="1" mb="0" cb="0"/><line nr="216" mi="0" ci="2" mb="0" cb="0"/><line nr="227" mi="0" ci="2" mb="0" cb="0"/><line nr="229" mi="0" ci="5" mb="0" cb="0"/><line nr="230" mi="0" ci="5" mb="0" cb="0"/><line nr="231" mi="0" ci="5" mb="0" cb="0"/><line nr="232" mi="0" ci="4" mb="0" cb="0"/><line nr="233" mi="0" ci="3" mb="0" cb="0"/><line nr="234" mi="1" ci="0" mb="0" cb="0"/><line nr="235" mi="3" ci="0" mb="0" cb="0"/><line nr="236" mi="0" ci="1" mb="0" cb="0"/><line nr="237" mi="0" ci="2" mb="0" cb="0"/><line nr="248" mi="0" ci="2" mb="0" cb="0"/><line nr="250" mi="0" ci="5" mb="0" cb="0"/><line nr="251" mi="0" ci="5" mb="0" cb="0"/><line nr="252" mi="0" ci="5" mb="0" cb="0"/><line nr="253" mi="0" ci="4" mb="0" cb="0"/><line nr="254" mi="0" ci="3" mb="0" cb="0"/><line nr="255" mi="1" ci="0" mb="0" cb="0"/><line nr="256" mi="3" ci="0" mb="0" cb="0"/><line nr="257" mi="0" ci="1" mb="0" cb="0"/><line nr="258" mi="0" ci="2" mb="0" cb="0"/><line nr="268" mi="0" ci="4" mb="0" cb="0"/><line nr="270" mi="0" ci="5" mb="0" cb="0"/><line nr="271" mi="0" ci="5" mb="0" cb="0"/><line nr="272" mi="0" ci="5" mb="0" cb="0"/><line nr="273" mi="0" ci="5" mb="0" cb="0"/><line nr="274" mi="0" ci="4" mb="0" cb="2"/><line nr="275" mi="0" ci="5" mb="0" cb="0"/><line nr="276" mi="0" ci="5" mb="0" cb="0"/><line nr="277" mi="0" ci="5" mb="0" cb="0"/><line nr="278" mi="0" ci="5" mb="0" cb="0"/><line nr="279" mi="0" ci="5" mb="0" cb="0"/><line nr="280" mi="0" ci="5" mb="0" cb="0"/><line nr="281" mi="0" ci="5" mb="0" cb="0"/><line nr="282" mi="0" ci="10" mb="0" cb="0"/><line nr="284" mi="0" ci="3" mb="0" cb="0"/><line nr="285" mi="0" ci="4" mb="0" cb="0"/><line nr="286" mi="0" ci="1" mb="0" cb="0"/><line nr="287" mi="0" ci="3" mb="0" cb="0"/><line nr="288" mi="0" ci="3" mb="0" cb="0"/><line nr="289" mi="1" ci="0" mb="0" cb="0"/><line nr="290" mi="3" ci="0" mb="0" cb="0"/><line nr="291" mi="0" ci="1" mb="0" cb="0"/><line nr="292" mi="0" ci="2" mb="0" cb="0"/><line nr="302" mi="0" ci="4" mb="0" cb="0"/><line nr="304" mi="0" ci="5" mb="0" cb="0"/><line nr="305" mi="0" ci="5" mb="0" cb="0"/><line nr="306" mi="0" ci="5" mb="0" cb="0"/><line nr="307" mi="0" ci="5" mb="0" cb="0"/><line nr="308" mi="0" ci="4" mb="0" cb="2"/><line nr="309" mi="0" ci="5" mb="0" cb="0"/><line nr="310" mi="0" ci="5" mb="0" cb="0"/><line nr="311" mi="0" ci="5" mb="0" cb="0"/><line nr="312" mi="0" ci="5" mb="0" cb="0"/><line nr="313" mi="0" ci="5" mb="0" cb="0"/><line nr="314" mi="0" ci="5" mb="0" cb="0"/><line nr="315" mi="0" ci="5" mb="0" cb="0"/><line nr="316" mi="0" ci="10" mb="0" cb="0"/><line nr="317" mi="0" ci="3" mb="0" cb="0"/><line nr="318" mi="0" ci="4" mb="0" cb="0"/><line nr="319" mi="0" ci="1" mb="0" cb="0"/><line nr="320" mi="0" ci="3" mb="0" cb="0"/><line nr="321" mi="0" ci="3" mb="0" cb="0"/><line nr="322" mi="1" ci="0" mb="0" cb="0"/><line nr="323" mi="10" ci="0" mb="0" cb="0"/><line nr="324" mi="0" ci="1" mb="0" cb="0"/><line nr="325" mi="0" ci="2" mb="0" cb="0"/><line nr="335" mi="0" ci="4" mb="0" cb="0"/><line nr="337" mi="0" ci="5" mb="0" cb="0"/><line nr="338" mi="0" ci="5" mb="0" cb="0"/><line nr="339" mi="0" ci="5" mb="0" cb="0"/><line nr="340" mi="0" ci="5" mb="0" cb="0"/><line nr="341" mi="0" ci="4" mb="0" cb="2"/><line nr="342" mi="0" ci="5" mb="0" cb="0"/><line nr="343" mi="0" ci="5" mb="0" cb="0"/><line nr="344" mi="0" ci="5" mb="0" cb="0"/><line nr="345" mi="0" ci="5" mb="0" cb="0"/><line nr="346" mi="0" ci="5" mb="0" cb="0"/><line nr="347" mi="0" ci="5" mb="0" cb="0"/><line nr="348" mi="0" ci="5" mb="0" cb="0"/><line nr="349" mi="0" ci="10" mb="0" cb="0"/><line nr="350" mi="0" ci="3" mb="0" cb="0"/><line nr="351" mi="0" ci="4" mb="0" cb="0"/><line nr="352" mi="0" ci="1" mb="0" cb="0"/><line nr="353" mi="0" ci="3" mb="0" cb="0"/><line nr="354" mi="0" ci="3" mb="0" cb="0"/><line nr="355" mi="1" ci="0" mb="0" cb="0"/><line nr="356" mi="3" ci="0" mb="0" cb="0"/><line nr="357" mi="0" ci="1" mb="0" cb="0"/><line nr="358" mi="0" ci="2" mb="0" cb="0"/><line nr="369" mi="0" ci="4" mb="0" cb="0"/><line nr="371" mi="0" ci="5" mb="0" cb="0"/><line nr="372" mi="0" ci="5" mb="0" cb="0"/><line nr="373" mi="0" ci="5" mb="0" cb="0"/><line nr="374" mi="0" ci="5" mb="0" cb="0"/><line nr="375" mi="0" ci="4" mb="0" cb="2"/><line nr="376" mi="0" ci="5" mb="0" cb="0"/><line nr="377" mi="0" ci="5" mb="0" cb="0"/><line nr="378" mi="0" ci="5" mb="0" cb="0"/><line nr="379" mi="0" ci="5" mb="0" cb="0"/><line nr="380" mi="0" ci="5" mb="0" cb="0"/><line nr="381" mi="0" ci="5" mb="0" cb="0"/><line nr="382" mi="0" ci="5" mb="0" cb="0"/><line nr="383" mi="0" ci="10" mb="0" cb="0"/><line nr="384" mi="0" ci="3" mb="0" cb="0"/><line nr="385" mi="0" ci="4" mb="0" cb="0"/><line nr="386" mi="0" ci="1" mb="0" cb="0"/><line nr="387" mi="0" ci="3" mb="0" cb="0"/><line nr="388" mi="0" ci="3" mb="0" cb="0"/><line nr="389" mi="1" ci="0" mb="0" cb="0"/><line nr="390" mi="3" ci="0" mb="0" cb="0"/><line nr="391" mi="0" ci="1" mb="0" cb="0"/><line nr="392" mi="0" ci="2" mb="0" cb="0"/><line nr="404" mi="0" ci="4" mb="0" cb="0"/><line nr="406" mi="0" ci="5" mb="0" cb="0"/><line nr="407" mi="0" ci="5" mb="0" cb="0"/><line nr="408" mi="0" ci="5" mb="0" cb="0"/><line nr="409" mi="0" ci="5" mb="0" cb="0"/><line nr="410" mi="0" ci="5" mb="0" cb="0"/><line nr="412" mi="0" ci="5" mb="0" cb="0"/><line nr="413" mi="0" ci="4" mb="0" cb="2"/><line nr="414" mi="0" ci="5" mb="0" cb="0"/><line nr="415" mi="0" ci="5" mb="0" cb="0"/><line nr="416" mi="0" ci="5" mb="0" cb="0"/><line nr="417" mi="0" ci="5" mb="0" cb="0"/><line nr="418" mi="0" ci="5" mb="0" cb="0"/><line nr="419" mi="0" ci="5" mb="0" cb="0"/><line nr="420" mi="0" ci="5" mb="0" cb="0"/><line nr="421" mi="0" ci="10" mb="0" cb="0"/><line nr="422" mi="0" ci="3" mb="0" cb="0"/><line nr="423" mi="0" ci="4" mb="0" cb="0"/><line nr="424" mi="0" ci="1" mb="0" cb="0"/><line nr="425" mi="0" ci="3" mb="0" cb="0"/><line nr="426" mi="0" ci="3" mb="0" cb="0"/><line nr="427" mi="1" ci="0" mb="0" cb="0"/><line nr="428" mi="3" ci="0" mb="0" cb="0"/><line nr="429" mi="0" ci="1" mb="0" cb="0"/><line nr="430" mi="0" ci="2" mb="0" cb="0"/><line nr="441" mi="0" ci="2" mb="0" cb="0"/><line nr="443" mi="0" ci="5" mb="0" cb="0"/><line nr="444" mi="0" ci="5" mb="0" cb="0"/><line nr="445" mi="0" ci="5" mb="0" cb="0"/><line nr="446" mi="0" ci="4" mb="0" cb="0"/><line nr="447" mi="0" ci="3" mb="0" cb="0"/><line nr="448" mi="1" ci="0" mb="0" cb="0"/><line nr="449" mi="3" ci="0" mb="0" cb="0"/><line nr="450" mi="0" ci="1" mb="0" cb="0"/><line nr="451" mi="0" ci="2" mb="0" cb="0"/><line nr="462" mi="0" ci="2" mb="0" cb="0"/><line nr="464" mi="0" ci="5" mb="0" cb="0"/><line nr="465" mi="0" ci="5" mb="0" cb="0"/><line nr="466" mi="0" ci="5" mb="0" cb="0"/><line nr="467" mi="0" ci="4" mb="0" cb="0"/><line nr="468" mi="0" ci="3" mb="0" cb="0"/><line nr="469" mi="1" ci="0" mb="0" cb="0"/><line nr="470" mi="3" ci="0" mb="0" cb="0"/><line nr="471" mi="0" ci="1" mb="0" cb="0"/><line nr="472" mi="0" ci="2" mb="0" cb="0"/><line nr="484" mi="0" ci="16" mb="1" cb="3"/><counter type="INSTRUCTION" missed="75" covered="899"/><counter type="BRANCH" missed="6" covered="20"/><counter type="LINE" missed="29" covered="222"/><counter type="COMPLEXITY" missed="6" covered="23"/><counter type="METHOD" missed="0" covered="16"/><counter type="CLASS" missed="0" covered="1"/></sourcefile><sourcefile name="UserDao.java"><line nr="16" mi="0" ci="3" mb="0" cb="0"/><line nr="18" mi="0" ci="3" mb="0" cb="0"/><line nr="20" mi="0" ci="3" mb="0" cb="0"/><line nr="21" mi="0" ci="3" mb="0" cb="0"/><line nr="41" mi="0" ci="2" mb="0" cb="0"/><line nr="42" mi="0" ci="1" mb="0" cb="0"/><line nr="45" mi="0" ci="2" mb="0" cb="2"/><line nr="46" mi="0" ci="4" mb="0" cb="0"/><line nr="48" mi="0" ci="2" mb="0" cb="0"/><line nr="49" mi="1" ci="0" mb="0" cb="0"/><line nr="50" mi="3" ci="0" mb="0" cb="0"/><line nr="51" mi="0" ci="1" mb="0" cb="0"/><line nr="53" mi="0" ci="2" mb="0" cb="0"/><line nr="57" mi="0" ci="2" mb="0" cb="0"/><line nr="59" mi="0" ci="5" mb="0" cb="0"/><line nr="60" mi="0" ci="5" mb="0" cb="0"/><line nr="61" mi="0" ci="5" mb="0" cb="0"/><line nr="62" mi="0" ci="4" mb="0" cb="2"/><line nr="63" mi="0" ci="6" mb="0" cb="0"/><line nr="65" mi="0" ci="3" mb="0" cb="0"/><line nr="66" mi="1" ci="0" mb="0" cb="0"/><line nr="67" mi="3" ci="0" mb="0" cb="0"/><line nr="68" mi="0" ci="1" mb="0" cb="0"/><line nr="69" mi="0" ci="2" mb="0" cb="0"/><line nr="74" mi="0" ci="2" mb="0" cb="0"/><line nr="76" mi="0" ci="5" mb="0" cb="0"/><line nr="77" mi="0" ci="5" mb="0" cb="0"/><line nr="78" mi="0" ci="5" mb="0" cb="0"/><line nr="79" mi="0" ci="9" mb="0" cb="2"/><line nr="80" mi="0" ci="3" mb="0" cb="0"/><line nr="81" mi="1" ci="0" mb="0" cb="0"/><line nr="82" mi="3" ci="0" mb="0" cb="0"/><line nr="83" mi="0" ci="1" mb="0" cb="0"/><line nr="84" mi="0" ci="2" mb="0" cb="0"/><line nr="88" mi="0" ci="2" mb="0" cb="0"/><line nr="90" mi="0" ci="5" mb="0" cb="0"/><line nr="91" mi="0" ci="5" mb="0" cb="0"/><line nr="93" mi="0" ci="5" mb="0" cb="0"/><line nr="94" mi="0" ci="4" mb="0" cb="2"/><line nr="95" mi="0" ci="6" mb="0" cb="0"/><line nr="97" mi="0" ci="3" mb="0" cb="0"/><line nr="99" mi="1" ci="0" mb="0" cb="0"/><line nr="100" mi="3" ci="0" mb="0" cb="0"/><line nr="101" mi="0" ci="1" mb="0" cb="0"/><line nr="102" mi="0" ci="2" mb="0" cb="0"/><line nr="107" mi="0" ci="2" mb="0" cb="0"/><line nr="109" mi="0" ci="5" mb="0" cb="0"/><line nr="110" mi="0" ci="6" mb="0" cb="0"/><line nr="111" mi="0" ci="6" mb="0" cb="0"/><line nr="112" mi="0" ci="6" mb="0" cb="0"/><line nr="113" mi="0" ci="6" mb="0" cb="0"/><line nr="114" mi="0" ci="6" mb="0" cb="0"/><line nr="115" mi="0" ci="6" mb="0" cb="0"/><line nr="116" mi="0" ci="6" mb="0" cb="0"/><line nr="117" mi="0" ci="4" mb="0" cb="0"/><line nr="118" mi="0" ci="3" mb="0" cb="0"/><line nr="119" mi="1" ci="0" mb="0" cb="0"/><line nr="120" mi="3" ci="0" mb="0" cb="0"/><line nr="121" mi="0" ci="1" mb="0" cb="0"/><line nr="122" mi="0" ci="2" mb="0" cb="0"/><line nr="126" mi="0" ci="2" mb="0" cb="0"/><line nr="127" mi="0" ci="2" mb="0" cb="0"/><line nr="129" mi="0" ci="5" mb="0" cb="0"/><line nr="130" mi="0" ci="5" mb="0" cb="0"/><line nr="131" mi="0" ci="5" mb="0" cb="0"/><line nr="132" mi="0" ci="4" mb="0" cb="2"/><line nr="133" mi="0" ci="2" mb="0" cb="0"/><line nr="134" mi="0" ci="5" mb="0" cb="0"/><line nr="135" mi="0" ci="5" mb="0" cb="0"/><line nr="136" mi="0" ci="5" mb="0" cb="0"/><line nr="137" mi="0" ci="5" mb="0" cb="0"/><line nr="138" mi="0" ci="5" mb="0" cb="0"/><line nr="139" mi="0" ci="9" mb="0" cb="0"/><line nr="140" mi="0" ci="6" mb="0" cb="0"/><line nr="141" mi="0" ci="6" mb="0" cb="0"/><line nr="142" mi="0" ci="6" mb="0" cb="0"/><line nr="143" mi="0" ci="6" mb="0" cb="0"/><line nr="144" mi="0" ci="6" mb="0" cb="0"/><line nr="145" mi="0" ci="1" mb="0" cb="0"/><line nr="147" mi="0" ci="3" mb="0" cb="0"/><line nr="148" mi="0" ci="2" mb="0" cb="2"/><line nr="149" mi="0" ci="2" mb="0" cb="0"/><line nr="152" mi="1" ci="0" mb="0" cb="0"/><line nr="153" mi="3" ci="0" mb="0" cb="0"/><line nr="154" mi="0" ci="1" mb="0" cb="0"/><line nr="155" mi="0" ci="2" mb="0" cb="0"/><line nr="159" mi="0" ci="2" mb="0" cb="0"/><line nr="161" mi="0" ci="5" mb="0" cb="0"/><line nr="162" mi="0" ci="5" mb="0" cb="0"/><line nr="163" mi="0" ci="4" mb="0" cb="0"/><line nr="164" mi="0" ci="3" mb="0" cb="0"/><line nr="165" mi="1" ci="0" mb="0" cb="0"/><line nr="166" mi="3" ci="0" mb="0" cb="0"/><line nr="167" mi="0" ci="1" mb="0" cb="0"/><line nr="168" mi="0" ci="2" mb="0" cb="2"/><line nr="172" mi="0" ci="2" mb="0" cb="0"/><line nr="178" mi="0" ci="2" mb="0" cb="0"/><line nr="185" mi="0" ci="2" mb="0" cb="0"/><line nr="187" mi="0" ci="5" mb="0" cb="0"/><line nr="188" mi="0" ci="6" mb="0" cb="0"/><line nr="189" mi="0" ci="6" mb="0" cb="0"/><line nr="190" mi="0" ci="6" mb="0" cb="0"/><line nr="191" mi="0" ci="6" mb="0" cb="0"/><line nr="192" mi="0" ci="6" mb="0" cb="0"/><line nr="193" mi="0" ci="6" mb="0" cb="0"/><line nr="194" mi="0" ci="6" mb="0" cb="0"/><line nr="195" mi="0" ci="6" mb="0" cb="0"/><line nr="196" mi="0" ci="6" mb="0" cb="0"/><line nr="197" mi="0" ci="5" mb="0" cb="0"/><line nr="198" mi="0" ci="4" mb="0" cb="0"/><line nr="199" mi="0" ci="3" mb="0" cb="0"/><line nr="200" mi="1" ci="0" mb="0" cb="0"/><line nr="201" mi="3" ci="0" mb="0" cb="0"/><line nr="202" mi="0" ci="1" mb="0" cb="0"/><line nr="203" mi="0" ci="2" mb="0" cb="0"/><line nr="210" mi="0" ci="2" mb="0" cb="0"/><line nr="212" mi="0" ci="5" mb="0" cb="0"/><line nr="213" mi="0" ci="5" mb="0" cb="0"/><line nr="214" mi="0" ci="5" mb="0" cb="0"/><line nr="215" mi="0" ci="4" mb="0" cb="2"/><line nr="216" mi="0" ci="6" mb="0" cb="0"/><line nr="218" mi="0" ci="1" mb="0" cb="0"/><line nr="219" mi="0" ci="3" mb="0" cb="0"/><line nr="220" mi="0" ci="1" mb="0" cb="0"/><line nr="221" mi="0" ci="2" mb="0" cb="0"/><line nr="225" mi="0" ci="2" mb="0" cb="0"/><line nr="227" mi="0" ci="5" mb="0" cb="0"/><line nr="228" mi="0" ci="5" mb="0" cb="0"/><line nr="229" mi="0" ci="5" mb="0" cb="0"/><line nr="230" mi="0" ci="9" mb="0" cb="2"/><line nr="231" mi="0" ci="3" mb="0" cb="0"/><line nr="232" mi="1" ci="0" mb="0" cb="0"/><line nr="233" mi="3" ci="0" mb="0" cb="0"/><line nr="234" mi="0" ci="1" mb="0" cb="0"/><line nr="235" mi="0" ci="2" mb="0" cb="0"/><line nr="239" mi="0" ci="2" mb="0" cb="0"/><line nr="241" mi="0" ci="5" mb="0" cb="0"/><line nr="242" mi="0" ci="5" mb="0" cb="0"/><line nr="243" mi="0" ci="5" mb="0" cb="0"/><line nr="244" mi="0" ci="4" mb="0" cb="0"/><line nr="245" mi="0" ci="5" mb="0" cb="0"/><line nr="246" mi="0" ci="3" mb="0" cb="0"/><line nr="247" mi="0" ci="1" mb="0" cb="0"/><line nr="248" mi="0" ci="3" mb="0" cb="0"/><line nr="249" mi="0" ci="1" mb="0" cb="0"/><line nr="250" mi="0" ci="2" mb="0" cb="0"/><counter type="INSTRUCTION" missed="36" covered="487"/><counter type="BRANCH" missed="0" covered="18"/><counter type="LINE" missed="18" covered="128"/><counter type="COMPLEXITY" missed="0" covered="22"/><counter type="METHOD" missed="0" covered="13"/><counter type="CLASS" missed="0" covered="1"/></sourcefile><sourcefile name="MembershipDao.java"><line nr="18" mi="0" ci="3" mb="0" cb="0"/><line nr="20" mi="0" ci="3" mb="0" cb="0"/><line nr="22" mi="0" ci="3" mb="0" cb="0"/><line nr="23" mi="0" ci="3" mb="0" cb="0"/><line nr="43" mi="0" ci="2" mb="0" cb="0"/><line nr="44" mi="0" ci="1" mb="0" cb="0"/><line nr="47" mi="0" ci="2" mb="1" cb="1"/><line nr="48" mi="0" ci="4" mb="0" cb="0"/><line nr="50" mi="0" ci="2" mb="0" cb="0"/><line nr="51" mi="1" ci="0" mb="0" cb="0"/><line nr="52" mi="3" ci="0" mb="0" cb="0"/><line nr="53" mi="0" ci="1" mb="0" cb="0"/><line nr="55" mi="0" ci="2" mb="0" cb="0"/><line nr="59" mi="0" ci="2" mb="0" cb="0"/><line nr="61" mi="0" ci="6" mb="0" cb="0"/><line nr="62" mi="0" ci="5" mb="0" cb="0"/><line nr="63" mi="0" ci="5" mb="0" cb="0"/><line nr="64" mi="0" ci="5" mb="0" cb="0"/><line nr="65" mi="0" ci="4" mb="0" cb="0"/><line nr="66" mi="0" ci="3" mb="0" cb="0"/><line nr="67" mi="0" ci="1" mb="0" cb="0"/><line nr="68" mi="0" ci="3" mb="0" cb="0"/><line nr="69" mi="0" ci="1" mb="0" cb="0"/><line nr="70" mi="0" ci="2" mb="0" cb="0"/><line nr="74" mi="0" ci="2" mb="0" cb="0"/><line nr="76" mi="0" ci="6" mb="0" cb="0"/><line nr="77" mi="0" ci="5" mb="0" cb="0"/><line nr="78" mi="0" ci="5" mb="0" cb="0"/><line nr="79" mi="0" ci="5" mb="0" cb="0"/><line nr="80" mi="0" ci="4" mb="0" cb="0"/><line nr="81" mi="0" ci="3" mb="0" cb="0"/><line nr="82" mi="0" ci="1" mb="0" cb="0"/><line nr="83" mi="0" ci="3" mb="0" cb="0"/><line nr="84" mi="0" ci="1" mb="0" cb="0"/><line nr="85" mi="0" ci="2" mb="0" cb="0"/><line nr="89" mi="0" ci="2" mb="0" cb="0"/><line nr="91" mi="0" ci="5" mb="0" cb="0"/><line nr="92" mi="0" ci="5" mb="0" cb="0"/><line nr="93" mi="0" ci="5" mb="0" cb="0"/><line nr="94" mi="0" ci="4" mb="0" cb="0"/><line nr="95" mi="0" ci="3" mb="0" cb="0"/><line nr="96" mi="1" ci="0" mb="0" cb="0"/><line nr="97" mi="3" ci="0" mb="0" cb="0"/><line nr="98" mi="0" ci="1" mb="0" cb="0"/><line nr="99" mi="0" ci="2" mb="0" cb="2"/><line nr="103" mi="0" ci="2" mb="0" cb="0"/><line nr="109" mi="0" ci="2" mb="0" cb="0"/><line nr="114" mi="0" ci="2" mb="0" cb="0"/><line nr="116" mi="0" ci="5" mb="0" cb="0"/><line nr="117" mi="0" ci="5" mb="0" cb="0"/><line nr="118" mi="0" ci="5" mb="0" cb="0"/><line nr="119" mi="0" ci="5" mb="0" cb="0"/><line nr="120" mi="0" ci="5" mb="0" cb="0"/><line nr="121" mi="0" ci="4" mb="0" cb="2"/><line nr="122" mi="0" ci="2" mb="0" cb="0"/><line nr="125" mi="0" ci="3" mb="0" cb="0"/><line nr="126" mi="0" ci="2" mb="0" cb="2"/><line nr="127" mi="0" ci="12" mb="0" cb="0"/><line nr="128" mi="0" ci="2" mb="0" cb="0"/><line nr="131" mi="1" ci="0" mb="0" cb="0"/><line nr="132" mi="3" ci="0" mb="0" cb="0"/><line nr="133" mi="0" ci="1" mb="0" cb="0"/><line nr="134" mi="0" ci="2" mb="0" cb="0"/><line nr="138" mi="0" ci="4" mb="0" cb="0"/><line nr="140" mi="0" ci="5" mb="0" cb="0"/><line nr="141" mi="0" ci="5" mb="0" cb="0"/><line nr="142" mi="0" ci="5" mb="0" cb="0"/><line nr="143" mi="0" ci="4" mb="0" cb="2"/><line nr="144" mi="0" ci="5" mb="0" cb="0"/><line nr="145" mi="0" ci="4" mb="0" cb="0"/><line nr="146" mi="0" ci="1" mb="0" cb="0"/><line nr="147" mi="0" ci="3" mb="0" cb="0"/><line nr="148" mi="1" ci="0" mb="0" cb="0"/><line nr="149" mi="3" ci="0" mb="0" cb="0"/><line nr="150" mi="0" ci="1" mb="0" cb="0"/><line nr="151" mi="0" ci="2" mb="0" cb="0"/><line nr="155" mi="0" ci="4" mb="0" cb="0"/><line nr="157" mi="0" ci="5" mb="0" cb="0"/><line nr="158" mi="0" ci="5" mb="0" cb="0"/><line nr="159" mi="0" ci="5" mb="0" cb="0"/><line nr="160" mi="0" ci="4" mb="0" cb="2"/><line nr="161" mi="0" ci="5" mb="0" cb="0"/><line nr="162" mi="0" ci="4" mb="0" cb="0"/><line nr="163" mi="0" ci="1" mb="0" cb="0"/><line nr="164" mi="0" ci="3" mb="0" cb="0"/><line nr="165" mi="1" ci="0" mb="0" cb="0"/><line nr="166" mi="3" ci="0" mb="0" cb="0"/><line nr="167" mi="0" ci="1" mb="0" cb="0"/><line nr="168" mi="0" ci="2" mb="0" cb="0"/><line nr="172" mi="0" ci="4" mb="0" cb="0"/><line nr="174" mi="0" ci="5" mb="0" cb="0"/><line nr="175" mi="0" ci="5" mb="0" cb="0"/><line nr="176" mi="0" ci="5" mb="0" cb="0"/><line nr="177" mi="0" ci="5" mb="0" cb="0"/><line nr="178" mi="0" ci="4" mb="0" cb="2"/><line nr="179" mi="0" ci="5" mb="0" cb="0"/><line nr="180" mi="0" ci="4" mb="0" cb="0"/><line nr="181" mi="0" ci="1" mb="0" cb="0"/><line nr="182" mi="0" ci="3" mb="0" cb="0"/><line nr="183" mi="1" ci="0" mb="0" cb="0"/><line nr="184" mi="3" ci="0" mb="0" cb="0"/><line nr="185" mi="0" ci="1" mb="0" cb="0"/><line nr="186" mi="0" ci="2" mb="0" cb="0"/><line nr="190" mi="0" ci="2" mb="0" cb="0"/><line nr="192" mi="0" ci="5" mb="0" cb="0"/><line nr="193" mi="0" ci="5" mb="0" cb="0"/><line nr="194" mi="0" ci="5" mb="0" cb="0"/><line nr="195" mi="0" ci="5" mb="0" cb="0"/><line nr="196" mi="0" ci="4" mb="0" cb="2"/><line nr="197" mi="0" ci="2" mb="0" cb="0"/><line nr="200" mi="0" ci="3" mb="0" cb="0"/><line nr="201" mi="0" ci="2" mb="0" cb="2"/><line nr="202" mi="0" ci="12" mb="0" cb="0"/><line nr="203" mi="0" ci="2" mb="0" cb="0"/><line nr="206" mi="1" ci="0" mb="0" cb="0"/><line nr="207" mi="3" ci="0" mb="0" cb="0"/><line nr="208" mi="0" ci="1" mb="0" cb="0"/><line nr="209" mi="0" ci="2" mb="0" cb="0"/><counter type="INSTRUCTION" missed="28" covered="358"/><counter type="BRANCH" missed="1" covered="17"/><counter type="LINE" missed="14" covered="104"/><counter type="COMPLEXITY" missed="1" covered="19"/><counter type="METHOD" missed="0" covered="11"/><counter type="CLASS" missed="0" covered="1"/></sourcefile><sourcefile name="GroupDao.java"><line nr="17" mi="0" ci="3" mb="0" cb="0"/><line nr="19" mi="0" ci="3" mb="0" cb="0"/><line nr="21" mi="0" ci="3" mb="0" cb="0"/><line nr="27" mi="0" ci="2" mb="0" cb="0"/><line nr="28" mi="0" ci="1" mb="0" cb="0"/><line nr="31" mi="0" ci="2" mb="1" cb="1"/><line nr="32" mi="0" ci="4" mb="0" cb="0"/><line nr="34" mi="0" ci="2" mb="0" cb="0"/><line nr="35" mi="1" ci="0" mb="0" cb="0"/><line nr="36" mi="3" ci="0" mb="0" cb="0"/><line nr="37" mi="0" ci="1" mb="0" cb="0"/><line nr="39" mi="0" ci="2" mb="0" cb="0"/><line nr="44" mi="0" ci="2" mb="0" cb="0"/><line nr="46" mi="0" ci="6" mb="0" cb="0"/><line nr="47" mi="0" ci="5" mb="0" cb="0"/><line nr="48" mi="0" ci="4" mb="0" cb="0"/><line nr="49" mi="0" ci="3" mb="0" cb="0"/><line nr="50" mi="1" ci="0" mb="0" cb="0"/><line nr="51" mi="3" ci="0" mb="0" cb="0"/><line nr="52" mi="0" ci="1" mb="0" cb="0"/><line nr="53" mi="0" ci="2" mb="0" cb="0"/><line nr="57" mi="0" ci="2" mb="0" cb="0"/><line nr="58" mi="0" ci="2" mb="0" cb="0"/><line nr="61" mi="0" ci="5" mb="0" cb="0"/><line nr="62" mi="0" ci="5" mb="0" cb="0"/><line nr="64" mi="0" ci="6" mb="0" cb="0"/><line nr="66" mi="0" ci="3" mb="0" cb="2"/><line nr="67" mi="0" ci="2" mb="0" cb="0"/><line nr="68" mi="0" ci="4" mb="0" cb="0"/><line nr="69" mi="0" ci="4" mb="0" cb="0"/><line nr="70" mi="0" ci="6" mb="0" cb="0"/><line nr="71" mi="0" ci="1" mb="0" cb="0"/><line nr="73" mi="0" ci="3" mb="0" cb="0"/><line nr="74" mi="0" ci="2" mb="0" cb="2"/><line nr="75" mi="0" ci="4" mb="0" cb="0"/><line nr="78" mi="1" ci="0" mb="0" cb="0"/><line nr="79" mi="3" ci="0" mb="0" cb="0"/><line nr="80" mi="0" ci="1" mb="0" cb="0"/><line nr="81" mi="0" ci="2" mb="0" cb="0"/><line nr="85" mi="0" ci="2" mb="0" cb="0"/><line nr="87" mi="0" ci="5" mb="0" cb="0"/><line nr="88" mi="0" ci="5" mb="0" cb="0"/><line nr="89" mi="0" ci="4" mb="0" cb="0"/><line nr="90" mi="0" ci="3" mb="0" cb="0"/><line nr="91" mi="1" ci="0" mb="0" cb="0"/><line nr="92" mi="3" ci="0" mb="0" cb="0"/><line nr="93" mi="0" ci="1" mb="0" cb="0"/><line nr="94" mi="0" ci="2" mb="0" cb="2"/><line nr="98" mi="0" ci="2" mb="0" cb="0"/><line nr="104" mi="0" ci="2" mb="0" cb="0"/><counter type="INSTRUCTION" missed="16" covered="124"/><counter type="BRANCH" missed="1" covered="7"/><counter type="LINE" missed="8" covered="42"/><counter type="COMPLEXITY" missed="1" covered="9"/><counter type="METHOD" missed="0" covered="6"/><counter type="CLASS" missed="0" covered="1"/></sourcefile><counter type="INSTRUCTION" missed="155" covered="1868"/><counter type="BRANCH" missed="8" covered="62"/><counter type="LINE" missed="69" covered="496"/><counter type="COMPLEXITY" missed="8" covered="73"/><counter type="METHOD" missed="0" covered="46"/><counter type="CLASS" missed="0" covered="4"/></package><package name="edu/northeastern/ccs/db/services"><class name="edu/northeastern/ccs/db/services/UserService" sourcefilename="UserService.java"><method name="createUser" desc="(Ljava/lang/String;Ljava/lang/String;)Z" line="42"><counter type="INSTRUCTION" missed="0" covered="24"/><counter type="BRANCH" missed="0" covered="4"/><counter type="LINE" missed="0" covered="5"/><counter type="COMPLEXITY" missed="0" covered="3"/><counter type="METHOD" missed="0" covered="1"/></method><method name="getTappingAgencyForUser" desc="(Ljava/lang/String;)Ljava/lang/String;" line="58"><counter type="INSTRUCTION" missed="0" covered="4"/><counter type="LINE" missed="0" covered="1"/><counter type="COMPLEXITY" missed="0" covered="1"/><counter type="METHOD" missed="0" covered="1"/></method><method name="setTappedByAgencyForUser" desc="(Ljava/lang/String;Ljava/lang/String;)Z" line="69"><counter type="INSTRUCTION" missed="0" covered="5"/><counter type="LINE" missed="0" covered="1"/><counter type="COMPLEXITY" missed="0" covered="1"/><counter type="METHOD" missed="0" covered="1"/></method><method name="getCensoredWordsForUser" desc="(Ljava/lang/String;)Ljava/lang/String;" line="79"><counter type="INSTRUCTION" missed="0" covered="4"/><counter type="LINE" missed="0" covered="1"/><counter type="COMPLEXITY" missed="0" covered="1"/><counter type="METHOD" missed="0" covered="1"/></method><method name="setCensoredWordsForUser" desc="(Ljava/lang/String;Ljava/lang/String;)Z" line="91"><counter type="INSTRUCTION" missed="0" covered="5"/><counter type="LINE" missed="0" covered="1"/><counter type="COMPLEXITY" missed="0" covered="1"/><counter type="METHOD" missed="0" covered="1"/></method><method name="getUsernameForId" desc="(I)Ljava/lang/String;" line="101"><counter type="INSTRUCTION" missed="0" covered="4"/><counter type="LINE" missed="0" covered="1"/><counter type="COMPLEXITY" missed="0" covered="1"/><counter type="METHOD" missed="0" covered="1"/></method><method name="checkIfUserExists" desc="(Ljava/lang/String;)Z" line="111"><counter type="INSTRUCTION" missed="0" covered="8"/><counter type="BRANCH" missed="0" covered="2"/><counter type="LINE" missed="0" covered="1"/><counter type="COMPLEXITY" missed="0" covered="2"/><counter type="METHOD" missed="0" covered="1"/></method><method name="deleteUser" desc="(Ljava/lang/String;)Z" line="122"><counter type="INSTRUCTION" missed="0" covered="9"/><counter type="BRANCH" missed="0" covered="2"/><counter type="LINE" missed="0" covered="1"/><counter type="COMPLEXITY" missed="0" covered="2"/><counter type="METHOD" missed="0" covered="1"/></method><method name="updateUser" desc="(Ljava/lang/String;Ledu/northeastern/ccs/im/models/User;)Z" line="134"><counter type="INSTRUCTION" missed="0" covered="10"/><counter type="BRANCH" missed="0" covered="2"/><counter type="LINE" missed="0" covered="1"/><counter type="COMPLEXITY" missed="0" covered="2"/><counter type="METHOD" missed="0" covered="1"/></method><method name="validatePassword" desc="(Ljava/lang/String;Ljava/lang/String;)Z" line="145"><counter type="INSTRUCTION" missed="0" covered="16"/><counter type="LINE" missed="0" covered="5"/><counter type="COMPLEXITY" missed="0" covered="1"/><counter type="METHOD" missed="0" covered="1"/></method><method name="joinGroup" desc="(Ljava/lang/String;Ljava/lang/String;)I" line="162"><counter type="INSTRUCTION" missed="0" covered="4"/><counter type="LINE" missed="0" covered="1"/><counter type="COMPLEXITY" missed="0" covered="1"/><counter type="METHOD" missed="0" covered="1"/></method><method name="leaveGroup" desc="(Ljava/lang/String;Ljava/lang/String;)Z" line="173"><counter type="INSTRUCTION" missed="0" covered="4"/><counter type="LINE" missed="0" covered="1"/><counter type="COMPLEXITY" missed="0" covered="1"/><counter type="METHOD" missed="0" covered="1"/></method><method name="myGroups" desc="(Ljava/lang/String;)Ljava/util/List;" line="183"><counter type="INSTRUCTION" missed="0" covered="3"/><counter type="LINE" missed="0" covered="1"/><counter type="COMPLEXITY" missed="0" covered="1"/><counter type="METHOD" missed="0" covered="1"/></method><method name="getUserData" desc="(Ljava/lang/String;)Ledu/northeastern/ccs/im/models/User;" line="193"><counter type="INSTRUCTION" missed="0" covered="4"/><counter type="LINE" missed="0" covered="1"/><counter type="COMPLEXITY" missed="0" covered="1"/><counter type="METHOD" missed="0" covered="1"/></method><method name="&lt;clinit&gt;" desc="()V" line="22"><counter type="INSTRUCTION" missed="0" covered="6"/><counter type="LINE" missed="0" covered="2"/><counter type="COMPLEXITY" missed="0" covered="1"/><counter type="METHOD" missed="0" covered="1"/></method><counter type="INSTRUCTION" missed="0" covered="110"/><counter type="BRANCH" missed="0" covered="10"/><counter type="LINE" missed="0" covered="24"/><counter type="COMPLEXITY" missed="0" covered="20"/><counter type="METHOD" missed="0" covered="15"/><counter type="CLASS" missed="0" covered="1"/></class><class name="edu/northeastern/ccs/db/services/MessageService" sourcefilename="MessageService.java"><method name="createMessage" desc="(Ljava/lang/String;Ljava/lang/String;Ljava/lang/String;Ljava/lang/String;Ljava/lang/String;Ljava/sql/Timestamp;ZZ)Ledu/northeastern/ccs/im/models/MessageModel;" line="28"><counter type="INSTRUCTION" missed="0" covered="43"/><counter type="BRANCH" missed="0" covered="6"/><counter type="LINE" missed="0" covered="10"/><counter type="COMPLEXITY" missed="0" covered="4"/><counter type="METHOD" missed="0" covered="1"/></method><method name="updateMessageDeliveryStatus" desc="(IZ)I" line="54"><counter type="INSTRUCTION" missed="0" covered="5"/><counter type="LINE" missed="0" covered="1"/><counter type="COMPLEXITY" missed="0" covered="1"/><counter type="METHOD" missed="0" covered="1"/></method><metho
[...]
overed="1"/></method><method name="&lt;clinit&gt;" desc="()V" line="25"><counter type="INSTRUCTION" missed="0" covered="92"/><counter type="LINE" missed="0" covered="9"/><counter type="COMPLEXITY" missed="0" covered="1"/><counter type="METHOD" missed="0" covered="1"/></method><counter type="INSTRUCTION" missed="0" covered="103"/><counter type="LINE" missed="0" covered="13"/><counter type="COMPLEXITY" missed="0" covered="3"/><counter type="METHOD" missed="0" covered="3"/><counter type="CLASS" missed="0" covered="1"/></class><class name="edu/northeastern/ccs/im/SocketNB" sourcefilename="SocketNB.java"><method name="&lt;init&gt;" desc="(Ljava/lang/String;I)V" line="44"><counter type="INSTRUCTION" missed="9" covered="49"/><counter type="BRANCH" missed="3" covered="3"/><counter type="LINE" missed="1" covered="13"/><counter type="COMPLEXITY" missed="3" covered="1"/><counter type="METHOD" missed="0" covered="1"/></method><method name="getSocket" desc="()Ljava/nio/channels/SocketChannel;" line="80"><counter type="INSTRUCTION" missed="0" covered="3"/><counter type="LINE" missed="0" covered="1"/><counter type="COMPLEXITY" missed="0" covered="1"/><counter type="METHOD" missed="0" covered="1"/></method><method name="close" desc="()V" line="95"><counter type="INSTRUCTION" missed="0" covered="4"/><counter type="LINE" missed="0" covered="2"/><counter type="COMPLEXITY" missed="0" covered="1"/><counter type="METHOD" missed="0" covered="1"/></method><method name="isConnected" desc="()Z" line="100"><counter type="INSTRUCTION" missed="0" covered="9"/><counter type="BRANCH" missed="0" covered="2"/><counter type="LINE" missed="0" covered="3"/><counter type="COMPLEXITY" missed="0" covered="2"/><counter type="METHOD" missed="0" covered="1"/></method><method name="print" desc="(Ledu/northeastern/ccs/im/Message;)V" line="116"><counter type="INSTRUCTION" missed="8" covered="30"/><counter type="BRANCH" missed="2" covered="4"/><counter type="LINE" missed="2" covered="9"/><counter type="COMPLEXITY" missed="1" covered="3"/><counter type="METHOD" missed="0" covered="1"/></method><method name="startIMConnection" desc="()V" line="135"><counter type="INSTRUCTION" missed="16" covered="52"/><counter type="BRANCH" missed="5" covered="3"/><counter type="LINE" missed="3" covered="13"/><counter type="COMPLEXITY" missed="4" covered="1"/><counter type="METHOD" missed="0" covered="1"/></method><method name="&lt;clinit&gt;" desc="()V" line="24"><counter type="INSTRUCTION" missed="2" covered="6"/><counter type="BRANCH" missed="1" covered="1"/><counter type="LINE" missed="0" covered="1"/><counter type="COMPLEXITY" missed="1" covered="1"/><counter type="METHOD" missed="0" covered="1"/></method><counter type="INSTRUCTION" missed="35" covered="153"/><counter type="BRANCH" missed="11" covered="13"/><counter type="LINE" missed="6" covered="42"/><counter type="COMPLEXITY" missed="9" covered="10"/><counter type="METHOD" missed="0" covered="7"/><counter type="CLASS" missed="0" covered="1"/></class><sourcefile name="IMConnection.java"><line nr="24" mi="0" ci="4" mb="0" cb="0"/><line nr="51" mi="0" ci="2" mb="0" cb="0"/><line nr="52" mi="0" ci="7" mb="0" cb="4"/><line nr="53" mi="0" ci="2" mb="0" cb="0"/><line nr="56" mi="0" ci="3" mb="0" cb="0"/><line nr="57" mi="0" ci="3" mb="0" cb="0"/><line nr="58" mi="0" ci="3" mb="0" cb="0"/><line nr="59" mi="0" ci="1" mb="0" cb="0"/><line nr="74" mi="0" ci="3" mb="0" cb="0"/><line nr="75" mi="0" ci="8" mb="0" cb="2"/><line nr="76" mi="0" ci="4" mb="0" cb="0"/><line nr="77" mi="0" ci="6" mb="0" cb="4"/><line nr="78" mi="0" ci="12" mb="0" cb="0"/><line nr="81" mi="0" ci="3" mb="0" cb="0"/><line nr="92" mi="0" ci="3" mb="0" cb="2"/><line nr="93" mi="0" ci="2" mb="0" cb="0"/><line nr="95" mi="0" ci="4" mb="0" cb="0"/><line nr="105" mi="4" ci="0" mb="0" cb="0"/><line nr="106" mi="4" ci="0" mb="0" cb="0"/><line nr="107" mi="1" ci="0" mb="0" cb="0"/><line nr="116" mi="0" ci="3" mb="0" cb="0"/><line nr="127" mi="0" ci="3" mb="0" cb="2"/><line nr="128" mi="0" ci="5" mb="0" cb="0"/><line nr="130" mi="0" ci="5" mb="0" cb="0"/><line nr="131" mi="0" ci="4" mb="0" cb="0"/><line nr="132" mi="0" ci="1" mb="0" cb="0"/><line nr="144" mi="0" ci="4" mb="0" cb="0"/><line nr="146" mi="0" ci="9" mb="0" cb="0"/><line nr="147" mi="0" ci="3" mb="0" cb="0"/><line nr="148" mi="0" ci="1" mb="0" cb="0"/><line nr="150" mi="0" ci="16" mb="0" cb="0"/><line nr="151" mi="0" ci="3" mb="0" cb="0"/><line nr="154" mi="0" ci="3" mb="0" cb="0"/><line nr="156" mi="0" ci="2" mb="0" cb="0"/><line nr="157" mi="0" ci="1" mb="0" cb="0"/><line nr="159" mi="0" ci="4" mb="0" cb="0"/><line nr="161" mi="0" ci="2" mb="0" cb="0"/><line nr="165" mi="0" ci="3" mb="0" cb="0"/><line nr="166" mi="0" ci="1" mb="0" cb="0"/><line nr="169" mi="0" ci="3" mb="0" cb="0"/><line nr="173" mi="0" ci="3" mb="0" cb="0"/><line nr="177" mi="0" ci="11" mb="0" cb="4"/><counter type="INSTRUCTION" missed="9" covered="160"/><counter type="BRANCH" missed="0" covered="18"/><counter type="LINE" missed="3" covered="39"/><counter type="COMPLEXITY" missed="1" covered="20"/><counter type="METHOD" missed="1" covered="11"/><counter type="CLASS" missed="0" covered="1"/></sourcefile><sourcefile name="SocketNB.java"><line nr="24" mi="2" ci="6" mb="1" cb="1"/><line nr="44" mi="0" ci="2" mb="0" cb="0"/><line nr="46" mi="0" ci="3" mb="0" cb="0"/><line nr="48" mi="0" ci="5" mb="0" cb="0"/><line nr="50" mi="0" ci="9" mb="0" cb="0"/><line nr="52" mi="0" ci="2" mb="0" cb="0"/><line nr="54" mi="0" ci="6" mb="0" cb="0"/><line nr="56" mi="0" ci="4" mb="0" cb="0"/><line nr="58" mi="0" ci="3" mb="0" cb="0"/><line nr="60" mi="0" ci="3" mb="0" cb="0"/><line nr="62" mi="4" ci="5" mb="2" cb="2"/><line nr="65" mi="0" ci="4" mb="1" cb="1"/><line nr="66" mi="5" ci="0" mb="0" cb="0"/><line nr="69" mi="0" ci="2" mb="0" cb="0"/><line nr="70" mi="0" ci="1" mb="0" cb="0"/><line nr="80" mi="0" ci="3" mb="0" cb="0"/><line nr="95" mi="0" ci="3" mb="0" cb="0"/><line nr="96" mi="0" ci="1" mb="0" cb="0"/><line nr="100" mi="0" ci="3" mb="0" cb="2"/><line nr="101" mi="0" ci="2" mb="0" cb="0"/><line nr="103" mi="0" ci="4" mb="0" cb="0"/><line nr="116" mi="0" ci="3" mb="0" cb="2"/><line nr="117" mi="0" ci="5" mb="0" cb="0"/><line nr="119" mi="0" ci="3" mb="0" cb="0"/><line nr="120" mi="0" ci="4" mb="0" cb="0"/><line nr="121" mi="0" ci="2" mb="0" cb="0"/><line nr="122" mi="0" ci="4" mb="0" cb="2"/><line nr="124" mi="0" ci="7" mb="0" cb="0"/><line nr="125" mi="1" ci="0" mb="0" cb="0"/><line nr="128" mi="6" ci="0" mb="2" cb="0"/><line nr="129" mi="1" ci="1" mb="0" cb="0"/><line nr="131" mi="0" ci="1" mb="0" cb="0"/><line nr="135" mi="0" ci="3" mb="0" cb="0"/><line nr="138" mi="0" ci="5" mb="0" cb="0"/><line nr="140" mi="0" ci="11" mb="0" cb="0"/><line nr="142" mi="0" ci="2" mb="0" cb="0"/><line nr="144" mi="0" ci="6" mb="0" cb="0"/><line nr="146" mi="0" ci="4" mb="0" cb="0"/><line nr="147" mi="4" ci="5" mb="2" cb="2"/><line nr="149" mi="0" ci="4" mb="1" cb="1"/><line nr="150" mi="5" ci="0" mb="0" cb="0"/><line nr="153" mi="0" ci="2" mb="0" cb="0"/><line nr="157" mi="0" ci="2" mb="0" cb="0"/><line nr="159" mi="0" ci="6" mb="0" cb="0"/><line nr="160" mi="1" ci="0" mb="0" cb="0"/><line nr="163" mi="6" ci="0" mb="2" cb="0"/><line nr="164" mi="0" ci="1" mb="0" cb="0"/><line nr="165" mi="0" ci="1" mb="0" cb="0"/><counter type="INSTRUCTION" missed="35" covered="153"/><counter type="BRANCH" missed="11" covered="13"/><counter type="LINE" missed="6" covered="42"/><counter type="COMPLEXITY" missed="9" covered="10"/><counter type="METHOD" missed="0" covered="7"/><counter type="CLASS" missed="0" covered="1"/></sourcefile><sourcefile name="HashGenerator.java"><line nr="18" mi="0" ci="4" mb="0" cb="0"/><line nr="25" mi="0" ci="3" mb="0" cb="2"/><line nr="26" mi="0" ci="3" mb="0" cb="0"/><line nr="27" mi="0" ci="2" mb="0" cb="0"/><line nr="31" mi="0" ci="3" mb="0" cb="0"/><line nr="34" mi="0" ci="5" mb="0" cb="0"/><line nr="37" mi="0" ci="6" mb="0" cb="0"/><line nr="40" mi="0" ci="4" mb="0" cb="0"/><line nr="41" mi="0" ci="6" mb="0" cb="0"/><line nr="43" mi="0" ci="4" mb="1" cb="1"/><line nr="44" mi="6" ci="0" mb="0" cb="0"/><line nr="46" mi="0" ci="3" mb="0" cb="0"/><counter type="INSTRUCTION" missed="6" covered="43"/><counter type="BRANCH" missed="1" covered="3"/><counter type="LINE" missed="1" covered="11"/><counter type="COMPLEXITY" missed="1" covered="3"/><counter type="METHOD" missed="0" covered="2"/><counter type="CLASS" missed="0" covered="1"/></sourcefile><sourcefile name="PrintNetNB.java"><line nr="30" mi="0" ci="4" mb="0" cb="0"/><line nr="34" mi="0" ci="6" mb="0" cb="0"/><line nr="44" mi="0" ci="2" mb="0" cb="0"/><line nr="46" mi="0" ci="3" mb="0" cb="0"/><line nr="47" mi="0" ci="1" mb="0" cb="0"/><line nr="57" mi="0" ci="2" mb="0" cb="0"/><line nr="59" mi="0" ci="4" mb="0" cb="0"/><line nr="60" mi="0" ci="1" mb="0" cb="0"/><line nr="72" mi="0" ci="3" mb="0" cb="0"/><line nr="73" mi="0" ci="4" mb="0" cb="0"/><line nr="74" mi="0" ci="2" mb="0" cb="0"/><line nr="75" mi="0" ci="3" mb="0" cb="0"/><line nr="76" mi="0" ci="5" mb="0" cb="4"/><line nr="78" mi="0" ci="1" mb="0" cb="0"/><line nr="79" mi="0" ci="7" mb="0" cb="0"/><line nr="80" mi="0" ci="1" mb="0" cb="0"/><line nr="82" mi="0" ci="2" mb="0" cb="0"/><line nr="83" mi="0" ci="1" mb="0" cb="0"/><line nr="86" mi="0" ci="3" mb="0" cb="2"/><line nr="87" mi="0" ci="18" mb="0" cb="0"/><line nr="89" mi="0" ci="2" mb="0" cb="0"/><line nr="91" mi="0" ci="2" mb="0" cb="0"/><counter type="INSTRUCTION" missed="0" covered="77"/><counter type="BRANCH" missed="0" covered="6"/><counter type="LINE" missed="0" covered="22"/><counter type="COMPLEXITY" missed="0" covered="7"/><counter type="METHOD" missed="0" covered="4"/><counter type="CLASS" missed="0" covered="1"/></sourcefile><sourcefile name="NextDoesNotExistException.java"><line nr="26" mi="0" ci="3" mb="0" cb="0"/><line nr="27" mi="0" ci="1" mb="0" cb="0"/><counter type="INSTRUCTION" missed="0" covered="4"/><counter type="LINE" missed="0" covered="2"/><counter type="COMPLEXITY" missed="0" covered="1"/><counter type="METHOD" missed="0" covered="1"/><counter type="CLASS" missed="0" covered="1"/></sourcefile><sourcefile name="IllegalNameException.java"><line nr="20" mi="0" ci="3" mb="0" cb="0"/><line nr="21" mi="0" ci="1" mb="0" cb="0"/><counter type="INSTRUCTION" missed="0" covered="4"/><counter type="LINE" missed="0" covered="2"/><counter type="COMPLEXITY" missed="0" covered="1"/><counter type="METHOD" missed="0" covered="1"/><counter type="CLASS" missed="0" covered="1"/></sourcefile><sourcefile name="Message.java"><line nr="25" mi="0" ci="36" mb="0" cb="0"/><line nr="29" mi="0" ci="7" mb="0" cb="0"/><line nr="31" mi="0" ci="7" mb="0" cb="0"/><line nr="33" mi="0" ci="7" mb="0" cb="0"/><line nr="38" mi="0" ci="7" mb="0" cb="0"/><line nr="40" mi="0" ci="7" mb="0" cb="0"/><line nr="42" mi="0" ci="7" mb="0" cb="0"/><line nr="44" mi="0" ci="7" mb="0" cb="0"/><line nr="45" mi="0" ci="7" mb="0" cb="0"/><line nr="55" mi="0" ci="4" mb="0" cb="0"/><line nr="56" mi="0" ci="3" mb="0" cb="0"/><line nr="57" mi="0" ci="1" mb="0" cb="0"/><line nr="66" mi="0" ci="3" mb="0" cb="0"/><line nr="87" mi="0" ci="12" mb="0" cb="0"/><line nr="100" mi="0" ci="2" mb="0" cb="0"/><line nr="101" mi="0" ci="3" mb="0" cb="0"/><line nr="104" mi="0" ci="3" mb="0" cb="0"/><line nr="106" mi="0" ci="3" mb="0" cb="0"/><line nr="108" mi="0" ci="8" mb="0" cb="0"/><line nr="109" mi="0" ci="1" mb="0" cb="0"/><line nr="112" mi="0" ci="2" mb="0" cb="0"/><line nr="113" mi="0" ci="3" mb="0" cb="0"/><line nr="116" mi="0" ci="3" mb="0" cb="0"/><line nr="118" mi="0" ci="3" mb="0" cb="0"/><line nr="120" mi="0" ci="3" mb="0" cb="0"/><line nr="122" mi="0" ci="8" mb="0" cb="0"/><line nr="123" mi="0" ci="1" mb="0" cb="0"/><line nr="131" mi="0" ci="5" mb="0" cb="0"/><line nr="132" mi="0" ci="1" mb="0" cb="0"/><line nr="140" mi="0" ci="3" mb="0" cb="0"/><line nr="148" mi="0" ci="3" mb="0" cb="0"/><line nr="149" mi="0" ci="1" mb="0" cb="0"/><line nr="160" mi="0" ci="5" mb="0" cb="0"/><line nr="161" mi="0" ci="1" mb="0" cb="0"/><line nr="169" mi="0" ci="7" mb="0" cb="0"/><line nr="173" mi="7" ci="0" mb="0" cb="0"/><line nr="184" mi="0" ci="7" mb="0" cb="0"/><line nr="188" mi="0" ci="7" mb="0" cb="0"/><line nr="198" mi="0" ci="7" mb="0" cb="0"/><line nr="211" mi="0" ci="2" mb="0" cb="0"/><line nr="212" mi="0" ci="4" mb="1" cb="1"/><line nr="214" mi="0" ci="6" mb="1" cb="1"/><line nr="216" mi="0" ci="5" mb="0" cb="0"/><line nr="217" mi="0" ci="6" mb="0" cb="0"/><line nr="218" mi="0" ci="5" mb="0" cb="0"/><line nr="222" mi="3" ci="0" mb="0" cb="0"/><line nr="226" mi="3" ci="0" mb="0" cb="0"/><line nr="229" mi="0" ci="8" mb="0" cb="0"/><line nr="241" mi="0" ci="2" mb="0" cb="0"/><line nr="242" mi="0" ci="4" mb="1" cb="1"/><line nr="244" mi="0" ci="6" mb="1" cb="1"/><line nr="246" mi="0" ci="5" mb="0" cb="0"/><line nr="247" mi="0" ci="6" mb="0" cb="0"/><line nr="248" mi="0" ci="5" mb="0" cb="0"/><line nr="252" mi="3" ci="0" mb="0" cb="0"/><line nr="256" mi="3" ci="0" mb="0" cb="0"/><line nr="259" mi="0" ci="8" mb="0" cb="0"/><line nr="272" mi="0" ci="3" mb="0" cb="0"/><line nr="273" mi="0" ci="7" mb="0" cb="0"/><line nr="288" mi="0" ci="2" mb="0" cb="0"/><line nr="289" mi="0" ci="5" mb="0" cb="2"/><line nr="290" mi="0" ci="4" mb="0" cb="0"/><line nr="291" mi="0" ci="5" mb="0" cb="2"/><line nr="292" mi="0" ci="5" mb="0" cb="0"/><line nr="293" mi="0" ci="5" mb="0" cb="2"/><line nr="294" mi="0" ci="5" mb="0" cb="0"/><line nr="295" mi="0" ci="5" mb="0" cb="2"/><line nr="296" mi="0" ci="4" mb="0" cb="0"/><line nr="297" mi="0" ci="5" mb="0" cb="2"/><line nr="298" mi="0" ci="3" mb="0" cb="0"/><line nr="299" mi="0" ci="5" mb="1" cb="1"/><line nr="300" mi="5" ci="0" mb="0" cb="0"/><line nr="301" mi="0" ci="5" mb="1" cb="1"/><line nr="302" mi="5" ci="0" mb="0" cb="0"/><line nr="303" mi="0" ci="5" mb="1" cb="1"/><line nr="304" mi="4" ci="0" mb="0" cb="0"/><line nr="307" mi="0" ci="2" mb="0" cb="0"/><line nr="311" mi="0" ci="5" mb="0" cb="0"/><line nr="313" mi="0" ci="2" mb="1" cb="1"/><line nr="314" mi="0" ci="3" mb="0" cb="0"/><line nr="316" mi="0" ci="2" mb="0" cb="0"/><line nr="326" mi="0" ci="5" mb="0" cb="0"/><line nr="337" mi="0" ci="6" mb="0" cb="0"/><line nr="348" mi="0" ci="7" mb="0" cb="0"/><line nr="357" mi="0" ci="3" mb="0" cb="0"/><line nr="366" mi="0" ci="3" mb="0" cb="0"/><line nr="371" mi="0" ci="3" mb="0" cb="0"/><line nr="372" mi="0" ci="1" mb="0" cb="0"/><line nr="379" mi="0" ci="8" mb="0" cb="2"/><line nr="388" mi="0" ci="8" mb="0" cb="2"/><line nr="397" mi="1" ci="7" mb="1" cb="1"/><line nr="406" mi="1" ci="7" mb="1" cb="1"/><line nr="415" mi="8" ci="0" mb="2" cb="0"/><line nr="425" mi="0" ci="8" mb="0" cb="2"/><line nr="434" mi="0" ci="8" mb="0" cb="2"/><line nr="443" mi="0" ci="8" mb="0" cb="2"/><line nr="451" mi="0" ci="3" mb="0" cb="0"/><line nr="452" mi="0" ci="1" mb="0" cb="0"/><line nr="463" mi="0" ci="4" mb="0" cb="0"/><line nr="464" mi="0" ci="3" mb="0" cb="2"/><line nr="465" mi="0" ci="19" mb="0" cb="0"/><line nr="467" mi="0" ci="16" mb="0" cb="0"/><line nr="469" mi="0" ci="3" mb="0" cb="2"/><line nr="470" mi="0" ci="19" mb="0" cb="0"/><line nr="472" mi="0" ci="16" mb="0" cb="0"/><line nr="474" mi="0" ci="2" mb="0" cb="0"/><line nr="483" mi="3" ci="0" mb="0" cb="0"/><line nr="495" mi="0" ci="6" mb="0" cb="0"/><counter type="INSTRUCTION" missed="46" covered="538"/><counter type="BRANCH" missed="12" covered="34"/><counter type="LINE" missed="10" covered="98"/><counter type="COMPLEXITY" missed="14" covered="46"/><counter type="METHOD" missed="3" covered="34"/><counter type="CLASS" missed="0" covered="2"/></sourcefile><sourcefile name="IllegalOperationException.java"><line nr="20" mi="0" ci="3" mb="0" cb="0"/><line nr="21" mi="0" ci="1" mb="0" cb="0"/><counter type="INSTRUCTION" missed="0" covered="4"/><counter type="LINE" missed="0" covered="2"/><counter type="COMPLEXITY" missed="0" covered="1"/><counter type="METHOD" missed="0" covered="1"/><counter type="CLASS" missed="0" covered="1"/></sourcefile><sourcefile name="ScanNetNB.java"><line nr="30" mi="2" ci="5" mb="1" cb="1"/><line nr="32" mi="0" ci="4" mb="0" cb="0"/><line nr="62" mi="0" ci="2" mb="0" cb="0"/><line nr="64" mi="0" ci="5" mb="0" cb="0"/><line nr="66" mi="0" ci="4" mb="0" cb="0"/><line nr="68" mi="0" ci="3" mb="0" cb="0"/><line nr="71" mi="0" ci="3" mb="0" cb="0"/><line nr="73" mi="0" ci="8" mb="0" cb="0"/><line nr="74" mi="1" ci="0" mb="0" cb="0"/><line nr="76" mi="4" ci="0" mb="0" cb="0"/><line nr="77" mi="6" ci="0" mb="2" cb="0"/><line nr="78" mi="0" ci="1" mb="0" cb="0"/><line nr="79" mi="0" ci="1" mb="0" cb="0"/><line nr="91" mi="0" ci="4" mb="0" cb="0"/><line nr="92" mi="0" ci="1" mb="0" cb="0"/><line nr="102" mi="0" ci="3" mb="0" cb="0"/><line nr="104" mi="0" ci="2" mb="0" cb="0"/><line nr="106" mi="0" ci="2" mb="0" cb="0"/><line nr="108" mi="4" ci="7" mb="2" cb="2"/><line nr="110" mi="0" ci="5" mb="0" cb="2"/><line nr="112" mi="0" ci="4" mb="0" cb="0"/><line nr="113" mi="0" ci="8" mb="0" cb="0"/><line nr="115" mi="0" ci="1" mb="0" cb="0"/><line nr="116" mi="0" ci="2" mb="0" cb="0"/><line nr="118" mi="0" ci="1" mb="0" cb="0"/><line nr="119" mi="0" ci="2" mb="1" cb="1"/><line nr="121" mi="4" ci="0" mb="0" cb="0"/><line nr="123" mi="2" ci="0" mb="0" cb="0"/><line nr="125" mi="0" ci="8" mb="0" cb="0"/><line nr="126" mi="0" ci="6" mb="0" cb="0"/><line nr="127" mi="0" ci="2" mb="0" cb="0"/><line nr="142" mi="0" ci="4" mb="0" cb="2"/><line nr="143" mi="0" ci="2" mb="0" cb="0"/><line nr="147" mi="0" ci="4" mb="0" cb="2"/><line nr="148" mi="4" ci="6" mb="2" cb="2"/><line nr="150" mi="0" ci="6" mb="0" cb="0"/><line nr="151" mi="0" ci="7" mb="0" cb="0"/><line nr="152" mi="0" ci="5" mb="0" cb="0"/><line nr="154" mi="0" ci="2" mb="0" cb="0"/><line nr="158" mi="0" ci="3" mb="0" cb="0"/><line nr="159" mi="0" ci="3" mb="0" cb="0"/><line nr="161" mi="0" ci="5" mb="0" cb="0"/><line nr="164" mi="0" ci="2" mb="0" cb="0"/><line nr="166" mi="0" ci="6" mb="0" cb="2"/><line nr="168" mi="0" ci="2" mb="0" cb="2"/><line nr="169" mi="0" ci="4" mb="0" cb="0"/><line nr="172" mi="0" ci="6" mb="0" cb="0"/><line nr="174" mi="0" ci="8" mb="0" cb="0"/><line nr="176" mi="0" ci="4" mb="0" cb="0"/><line nr="178" mi="0" ci="7" mb="0" cb="0"/><line nr="180" mi="0" ci="4" mb="0" cb="0"/><line nr="183" mi="0" ci="5" mb="0" cb="0"/><line nr="185" mi="0" ci="5" mb="0" cb="0"/><line nr="187" mi="0" ci="5" mb="0" cb="0"/><line nr="188" mi="0" ci="1" mb="0" cb="0"/><line nr="190" mi="0" ci="5" mb="0" cb="0"/><line nr="192" mi="0" ci="4" mb="0" cb="0"/><line nr="193" mi="1" ci="0" mb="0" cb="0"/><line nr="195" mi="4" ci="0" mb="0" cb="0"/><line nr="196" mi="0" ci="1" mb="0" cb="0"/><line nr="198" mi="0" ci="8" mb="0" cb="2"/><line nr="212" mi="0" ci="4" mb="0" cb="2"/><line nr="213" mi="0" ci="5" mb="0" cb="0"/><line nr="216" mi="0" ci="5" mb="0" cb="0"/><line nr="221" mi="0" ci="3" mb="0" cb="0"/><line nr="222" mi="1" ci="0" mb="0" cb="0"/><line nr="223" mi="6" ci="0" mb="2" cb="0"/><line nr="224" mi="0" ci="1" mb="0" cb="0"/><line nr="225" mi="0" ci="1" mb="0" cb="0"/><counter type="INSTRUCTION" missed="39" covered="237"/><counter type="BRANCH" missed="10" covered="20"/><counter type="LINE" missed="9" covered="60"/><counter type="COMPLEXITY" missed="8" covered="14"/><counter type="METHOD" missed="0" covered="7"/><counter type="CLASS" missed="0" covered="1"/></sourcefile><counter type="INSTRUCTION" missed="135" covered="1220"/><counter type="BRANCH" missed="34" covered="94"/><counter type="LINE" missed="29" covered="278"/><counter type="COMPLEXITY" missed="33" covered="103"/><counter type="METHOD" missed="4" covered="68"/><counter type="CLASS" missed="0" covered="10"/></package><counter type="INSTRUCTION" missed="630" covered="6654"/><counter type="BRANCH" missed="118" covered="469"/><counter type="LINE" missed="189" covered="1730"/><counter type="COMPLEXITY" missed="109" covered="501"/><counter type="METHOD" missed="8" covered="304"/><counter type="CLASS" missed="0" covered="30"/></report>