<?xml version="1.0" encoding="UTF-8"?>
<testsuite xmlns:xsi="http://www.w3.org/2001/XMLSchema-instance" xsi:schemaLocation="https://maven.apache.org/surefire/maven-surefire-plugin/xsd/surefire-test-report.xsd" name="edu.northeastern.ccs.db.services.MessageServiceTest" time="2.855" tests="7" errors="0" skipped="0" failures="0">
  <properties>
[...]
</properties>
  <testcase name="testGetConversation" classname="edu.northeastern.ccs.db.services.MessageServiceTest" time="0.545"/>
  <testcase name="testUndeliveredmessages" classname="edu.northeastern.ccs.db.services.MessageServiceTest" time="0.036"/>
  <testcase name="testMessageLogs" classname="edu.northeastern.ccs.db.services.MessageServiceTest" time="0"/>
  <testcase name="testUpdateDeliveryStatus" classname="edu.northeastern.ccs.db.services.MessageServiceTest" time="0.509"/>
  <testcase name="testReceivedMessages" classname="edu.northeastern.ccs.db.services.MessageServiceTest" time="0.027"/>
  <testcase name="testCreateMessage" classname="edu.northeastern.ccs.db.services.MessageServiceTest" time="0.784"/>
  <testcase name="testSentMessages" classname="edu.northeastern.ccs.db.services.MessageServiceTest" time="0.023"/>
</testsuite>